#
# A fatal error has been detected by the Java Runtime Environment:
#
#  EXCEPTION_ACCESS_VIOLATION (0xc0000005) at pc=0x00000000665fff7e, pid=5224, tid=4956
#
# JRE version: Java(TM) SE Runtime Environment (8.0_91-b14) (build 1.8.0_91-b14)
# Java VM: Java HotSpot(TM) 64-Bit Server VM (25.91-b14 mixed mode windows-amd64 compressed oops)
# Problematic frame:
# V  [jvm.dll+0x3eff7e]
#
# Failed to write core dump. Minidumps are not enabled by default on client versions of Windows
#
# If you would like to submit a bug report, please visit:
#   http://bugreport.java.com/bugreport/crash.jsp
#

---------------  T H R E A D  ---------------

Current thread (0x0000000002b9f800):  GCTaskThread [stack: 0x00000000128b0000,0x00000000129b0000] [id=4956]

siginfo: ExceptionCode=0xc0000005, reading address 0xffffffffffffffff

Registers:
RAX=0x0000000006f79395, RBX=0x0000000012bb0000, RCX=0x0000000000000096, RDX=0x00000000001bde4e
RSP=0x00000000129af2c0, RBP=0x0000000066a22f70, RSI=0x0000000006f793c0, RDI=0x0000000006f79393
R8 =0x0000000006f793c0, R9 =0x0000000006f79396, R10=0x00000000001bde4f, R11=0x0000000006f793c0
R12=0x0000000006f793b7, R13=0x00000000000006f7, R14=0x00000000f7c00000, R15=0x00000000129af418
RIP=0x00000000665fff7e, EFLAGS=0x0000000000010202

Top of Stack: (sp=0x00000000129af2c0)
0x00000000129af2c0:   0000000000000015 000000006660010a
0x00000000129af2d0:   00000000f85050fd 00000000f85050fd
0x00000000129af2e0:   0000000000000003 00000000c8a8a938
0x00000000129af2f0:   00000000000006f7 00000000c8a8a938
0x00000000129af300:   00000000f7bc9db8 00000000666096f3
0x00000000129af310:   0000000000009362 0000000066a22ff0
0x00000000129af320:   0000000002a40000 00000000663187a6
0x00000000129af330:   0000000066a22f70 0000000066347358
0x00000000129af340:   00000000c8ad45f0 0000000006f80000
0x00000000129af350:   0000000000000003 00000000c8ad45f4
0x00000000129af360:   0000000000000003 000000006660aa49
0x00000000129af370:   00000000129af418 0000000006f793b6
0x00000000129af380:   0000000006f793b3 000000010008dd28
0x00000000129af390:   0000000006f80000 00000000666001cd
0x00000000129af3a0:   0000000006f793b4 000000006660ba7e
0x00000000129af3b0:   0000000000000004 000000006660aa49 

Instructions: (pc=0x00000000665fff7e)
0x00000000665fff5e:   08 48 8b c2 48 83 c4 08 c3 4d 8b d0 48 c1 ea 06
0x00000000665fff6e:   48 89 1c 24 48 8b 59 20 41 0f b6 c9 49 c1 ea 06
0x00000000665fff7e:   4c 8b 04 d3 80 e1 3f 49 d3 e8 4d 85 c0 74 1e 41
0x00000000665fff8e:   f6 c0 01 75 0c 49 d1 e8 49 ff c1 41 f6 c0 01 74 


Register to memory mapping:

RAX=0x0000000006f79395 is an unknown value
RBX=0x0000000012bb0000 is an unknown value
RCX=0x0000000000000096 is an unknown value
RDX=0x00000000001bde4e is an unknown value
RSP=0x00000000129af2c0 is an unknown value
RBP=0x0000000066a22f70 is an unknown value
RSI=0x0000000006f793c0 is an unknown value
RDI=0x0000000006f79393 is an unknown value
R8 =0x0000000006f793c0 is an unknown value
R9 =0x0000000006f79396 is an unknown value
R10=0x00000000001bde4f is an unknown value
R11=0x0000000006f793c0 is an unknown value
R12=0x0000000006f793b7 is an unknown value
R13=0x00000000000006f7 is an unknown value
R14=0x00000000f7c00000 is an oop
[Ljava.lang.Object; 
 - klass: 'java/lang/Object'[]
 - length: 1
R15=0x00000000129af418 is an unknown value


Stack: [0x00000000128b0000,0x00000000129b0000],  sp=0x00000000129af2c0,  free space=1020k
Native frames: (J=compiled Java code, j=interpreted, Vv=VM code, C=native code)
V  [jvm.dll+0x3eff7e]
V  [jvm.dll+0x3f010a]
V  [jvm.dll+0x3f96f3]
V  [jvm.dll+0x137358]
V  [jvm.dll+0x3faa49]
V  [jvm.dll+0x3f01cd]
V  [jvm.dll+0x3fbd44]
V  [jvm.dll+0x3f381a]
V  [jvm.dll+0x3f1176]
V  [jvm.dll+0x3ee81e]
V  [jvm.dll+0x29a99a]
C  [msvcr100.dll+0x21d9f]
C  [msvcr100.dll+0x21e3b]
C  [KERNEL32.DLL+0xfe64]
C  [ntdll.dll+0x61f51]


---------------  P R O C E S S  ---------------

Java Threads: ( => current thread )
  0x0000000017a2d000 JavaThread "pool-2-thread-4" [_thread_blocked, id=328, stack(0x000000001a030000,0x000000001a130000)]
  0x0000000017a2d800 JavaThread "pool-2-thread-3" [_thread_blocked, id=6020, stack(0x0000000019f30000,0x000000001a030000)]
  0x0000000017a31800 JavaThread "pool-2-thread-2" [_thread_blocked, id=4760, stack(0x0000000019e30000,0x0000000019f30000)]
  0x0000000019046000 JavaThread "pool-3-thread-1" [_thread_blocked, id=9972, stack(0x0000000019d30000,0x0000000019e30000)]
  0x0000000018728000 JavaThread "pool-2-thread-1" [_thread_blocked, id=696, stack(0x0000000019c30000,0x0000000019d30000)]
  0x0000000017739000 JavaThread "Service Thread" daemon [_thread_blocked, id=264, stack(0x0000000018260000,0x0000000018360000)]
  0x00000000176ab800 JavaThread "C1 CompilerThread3" daemon [_thread_blocked, id=8496, stack(0x0000000018160000,0x0000000018260000)]
  0x00000000176a3000 JavaThread "C2 CompilerThread2" daemon [_thread_blocked, id=4408, stack(0x0000000018060000,0x0000000018160000)]
  0x00000000176a1800 JavaThread "C2 CompilerThread1" daemon [_thread_blocked, id=1404, stack(0x0000000017f60000,0x0000000018060000)]
  0x0000000017699800 JavaThread "C2 CompilerThread0" daemon [_thread_blocked, id=4448, stack(0x0000000017e60000,0x0000000017f60000)]
  0x0000000017697800 JavaThread "Attach Listener" daemon [_thread_blocked, id=7456, stack(0x0000000017d60000,0x0000000017e60000)]
  0x00000000157ae800 JavaThread "Signal Dispatcher" daemon [_thread_blocked, id=7316, stack(0x0000000017c60000,0x0000000017d60000)]
  0x0000000017690800 JavaThread "Finalizer" daemon [_thread_blocked, id=4012, stack(0x0000000017a70000,0x0000000017b70000)]
  0x0000000002c77000 JavaThread "Reference Handler" daemon [_thread_blocked, id=7816, stack(0x0000000017570000,0x0000000017670000)]
  0x0000000002b80800 JavaThread "main" [_thread_blocked, id=6604, stack(0x0000000002a80000,0x0000000002b80000)]

Other Threads:
  0x0000000015799800 VMThread [stack: 0x0000000017470000,0x0000000017570000] [id=448]
  0x0000000017762800 WatcherThread [stack: 0x0000000018360000,0x0000000018460000] [id=6944]

=>0x0000000002b9f800 (exited) GCTaskThread [stack: 0x00000000128b0000,0x00000000129b0000] [id=4956]

VM state:at safepoint (normal execution)

VM Mutex/Monitor currently owned by a thread:  ([mutex/lock_event])
[0x0000000002a7c650] Threads_lock - owner thread: 0x0000000015799800
[0x0000000002a7cb50] Heap_lock - owner thread: 0x0000000017a2d000

Heap:
 PSYoungGen      total 274944K, used 32237K [0x00000000eab00000, 0x0000000100000000, 0x0000000100000000)
  eden space 200704K, 0% used [0x00000000eab00000,0x00000000eab00000,0x00000000f6f00000)
  from space 74240K, 43% used [0x00000000f6f00000,0x00000000f8e7b408,0x00000000fb780000)
  to   space 71680K, 0% used [0x00000000fba00000,0x00000000fba00000,0x0000000100000000)
 ParOldGen       total 164352K, used 131382K [0x00000000c0000000, 0x00000000ca080000, 0x00000000eab00000)
  object space 164352K, 79% used [0x00000000c0000000,0x00000000c804dbd8,0x00000000ca080000)
 Metaspace       used 6633K, capacity 7320K, committed 7680K, reserved 1056768K
  class space    used 626K, capacity 656K, committed 768K, reserved 1048576K

Card table byte_map: [0x0000000012040000,0x0000000012250000] byte_map_base: 0x0000000011a40000

Marking Bits: (ParMarkBitMap*) 0x0000000066a22f70
 Begin Bits: [0x0000000012bb0000, 0x0000000013bb0000)
 End Bits:   [0x0000000013bb0000, 0x0000000014bb0000)

Polling page: 0x0000000001270000

CodeCache: size=245760Kb used=10232Kb max_used=10254Kb free=235527Kb
 bounds [0x0000000002c80000, 0x00000000036a0000, 0x0000000011c80000]
 total_blobs=2601 nmethods=2331 adapters=182
 compilation: enabled

Compilation events (10 events):
Event: 3.054 Thread 0x00000000176a1800 nmethod 2403 0x0000000003661c50 code [0x0000000003661de0, 0x0000000003662738]
Event: 3.054 Thread 0x00000000176a1800 2427 %     4       com.android.dx.ssa.SCCP::run @ 211 (298 bytes)
Event: 3.084 Thread 0x00000000176ab800 2468 %     3       com.android.dx.ssa.InterferenceRegisterMapper::areAnyPinned @ 9 (81 bytes)
Event: 3.085 Thread 0x00000000176ab800 nmethod 2468% 0x0000000003645750 code [0x0000000003645940, 0x0000000003646638]
Event: 3.088 Thread 0x00000000176ab800 2469       2       com.android.dx.cf.direct.StdAttributeFactory::enclosingMethod (156 bytes)
Event: 3.090 Thread 0x00000000176ab800 nmethod 2469 0x0000000003679bd0 code [0x0000000003679fa0, 0x000000000367b5a8]
Event: 3.096 Thread 0x00000000176a3000 nmethod 2415 0x0000000003688ed0 code [0x00000000036892e0, 0x000000000368c748]
Event: 3.096 Thread 0x00000000176a3000 2470       4       com.android.dx.rop.code.RegisterSpecSet::mutableCopy (57 bytes)
Event: 3.101 Thread 0x00000000176a3000 nmethod 2470 0x0000000003666510 code [0x0000000003666680, 0x0000000003666b98]
Event: 3.101 Thread 0x00000000176a3000 2379       4       com.android.dx.dex.code.RopTranslator::pickOrder (400 bytes)

GC Heap History (10 events):
Event: 1.489 GC heap after
Heap after GC invocations=8 (full 0):
 PSYoungGen      total 282112K, used 31230K [0x00000000eab00000, 0x00000000ff800000, 0x0000000100000000)
  eden space 250880K, 0% used [0x00000000eab00000,0x00000000eab00000,0x00000000fa000000)
  from space 31232K, 99% used [0x00000000fc780000,0x00000000fe5ff9d0,0x00000000fe600000)
  to   space 40448K, 0% used [0x00000000fa000000,0x00000000fa000000,0x00000000fc780000)
 ParOldGen       total 87552K, used 38570K [0x00000000c0000000, 0x00000000c5580000, 0x00000000eab00000)
  object space 87552K, 44% used [0x00000000c0000000,0x00000000c25aabb0,0x00000000c5580000)
 Metaspace       used 6555K, capacity 7320K, committed 7680K, reserved 1056768K
  class space    used 625K, capacity 656K, committed 768K, reserved 1048576K
}
Event: 1.890 GC heap before
{Heap before GC invocations=9 (full 0):
 PSYoungGen      total 282112K, used 282110K [0x00000000eab00000, 0x00000000ff800000, 0x0000000100000000)
  eden space 250880K, 100% used [0x00000000eab00000,0x00000000fa000000,0x00000000fa000000)
  from space 31232K, 99% used [0x00000000fc780000,0x00000000fe5ff9d0,0x00000000fe600000)
  to   space 40448K, 0% used [0x00000000fa000000,0x00000000fa000000,0x00000000fc780000)
 ParOldGen       total 87552K, used 38570K [0x00000000c0000000, 0x00000000c5580000, 0x00000000eab00000)
  object space 87552K, 44% used [0x00000000c0000000,0x00000000c25aabb0,0x00000000c5580000)
 Metaspace       used 6600K, capacity 7320K, committed 7680K, reserved 1056768K
  class space    used 626K, capacity 656K, committed 768K, reserved 1048576K
Event: 1.948 GC heap after
Heap after GC invocations=9 (full 0):
 PSYoungGen      total 291328K, used 40437K [0x00000000eab00000, 0x0000000100000000, 0x0000000100000000)
  eden space 250880K, 0% used [0x00000000eab00000,0x00000000eab00000,0x00000000fa000000)
  from space 40448K, 99% used [0x00000000fa000000,0x00000000fc77d798,0x00000000fc780000)
  to   space 56320K, 0% used [0x00000000fc900000,0x00000000fc900000,0x0000000100000000)
 ParOldGen       total 87552K, used 58779K [0x00000000c0000000, 0x00000000c5580000, 0x00000000eab00000)
  object space 87552K, 67% used [0x00000000c0000000,0x00000000c3966ea8,0x00000000c5580000)
 Metaspace       used 6600K, capacity 7320K, committed 7680K, reserved 1056768K
  class space    used 626K, capacity 656K, committed 768K, reserved 1048576K
}
Event: 2.396 GC heap before
{Heap before GC invocations=10 (full 0):
 PSYoungGen      total 291328K, used 291317K [0x00000000eab00000, 0x0000000100000000, 0x0000000100000000)
  eden space 250880K, 100% used [0x00000000eab00000,0x00000000fa000000,0x00000000fa000000)
  from space 40448K, 99% used [0x00000000fa000000,0x00000000fc77d798,0x00000000fc780000)
  to   space 56320K, 0% used [0x00000000fc900000,0x00000000fc900000,0x0000000100000000)
 ParOldGen       total 87552K, used 58779K [0x00000000c0000000, 0x00000000c5580000, 0x00000000eab00000)
  object space 87552K, 67% used [0x00000000c0000000,0x00000000c3966ea8,0x00000000c5580000)
 Metaspace       used 6625K, capacity 7320K, committed 7680K, reserved 1056768K
  class space    used 626K, capacity 656K, committed 768K, reserved 1048576K
Event: 2.451 GC heap after
Heap after GC invocations=10 (full 0):
 PSYoungGen      total 257024K, used 56314K [0x00000000eab00000, 0x0000000100000000, 0x0000000100000000)
  eden space 200704K, 0% used [0x00000000eab00000,0x00000000eab00000,0x00000000f6f00000)
  from space 56320K, 99% used [0x00000000fc900000,0x00000000ffffe8a8,0x0000000100000000)
  to   space 74240K, 0% used [0x00000000f6f00000,0x00000000f6f00000,0x00000000fb780000)
 ParOldGen       total 87552K, used 81915K [0x00000000c0000000, 0x00000000c5580000, 0x00000000eab00000)
  object space 87552K, 93% used [0x00000000c0000000,0x00000000c4ffed40,0x00000000c5580000)
 Metaspace       used 6625K, capacity 7320K, committed 7680K, reserved 1056768K
  class space    used 626K, capacity 656K, committed 768K, reserved 1048576K
}
Event: 2.451 GC heap before
{Heap before GC invocations=11 (full 1):
 PSYoungGen      total 257024K, used 56314K [0x00000000eab00000, 0x0000000100000000, 0x0000000100000000)
  eden space 200704K, 0% used [0x00000000eab00000,0x00000000eab00000,0x00000000f6f00000)
  from space 56320K, 99% used [0x00000000fc900000,0x00000000ffffe8a8,0x0000000100000000)
  to   space 74240K, 0% used [0x00000000f6f00000,0x00000000f6f00000,0x00000000fb780000)
 ParOldGen       total 87552K, used 81915K [0x00000000c0000000, 0x00000000c5580000, 0x00000000eab00000)
  object space 87552K, 93% used [0x00000000c0000000,0x00000000c4ffed40,0x00000000c5580000)
 Metaspace       used 6625K, capacity 7320K, committed 7680K, reserved 1056768K
  class space    used 626K, capacity 656K, committed 768K, reserved 1048576K
Event: 2.830 GC heap after
Heap after GC invocations=11 (full 1):
 PSYoungGen      total 257024K, used 44355K [0x00000000eab00000, 0x0000000100000000, 0x0000000100000000)
  eden space 200704K, 0% used [0x00000000eab00000,0x00000000eab00000,0x00000000f6f00000)
  from space 56320K, 78% used [0x00000000fc900000,0x00000000ff450d88,0x0000000100000000)
  to   space 74240K, 0% used [0x00000000f6f00000,0x00000000f6f00000,0x00000000fb780000)
 ParOldGen       total 164352K, used 87231K [0x00000000c0000000, 0x00000000ca080000, 0x00000000eab00000)
  object space 164352K, 53% used [0x00000000c0000000,0x00000000c552ff38,0x00000000ca080000)
 Metaspace       used 6625K, capacity 7320K, committed 7680K, reserved 1056768K
  class space    used 626K, capacity 656K, committed 768K, reserved 1048576K
}
Event: 3.123 GC heap before
{Heap before GC invocations=12 (full 1):
 PSYoungGen      total 257024K, used 245059K [0x00000000eab00000, 0x0000000100000000, 0x0000000100000000)
  eden space 200704K, 100% used [0x00000000eab00000,0x00000000f6f00000,0x00000000f6f00000)
  from space 56320K, 78% used [0x00000000fc900000,0x00000000ff450d88,0x0000000100000000)
  to   space 74240K, 0% used [0x00000000f6f00000,0x00000000f6f00000,0x00000000fb780000)
 ParOldGen       total 164352K, used 87231K [0x00000000c0000000, 0x00000000ca080000, 0x00000000eab00000)
  object space 164352K, 53% used [0x00000000c0000000,0x00000000c552ff38,0x00000000ca080000)
 Metaspace       used 6633K, capacity 7320K, committed 7680K, reserved 1056768K
  class space    used 626K, capacity 656K, committed 768K, reserved 1048576K
Event: 3.179 GC heap after
Heap after GC invocations=12 (full 1):
 PSYoungGen      total 274944K, used 32237K [0x00000000eab00000, 0x0000000100000000, 0x0000000100000000)
  eden space 200704K, 0% used [0x00000000eab00000,0x00000000eab00000,0x00000000f6f00000)
  from space 74240K, 43% used [0x00000000f6f00000,0x00000000f8e7b408,0x00000000fb780000)
  to   space 71680K, 0% used [0x00000000fba00000,0x00000000fba00000,0x0000000100000000)
 ParOldGen       total 164352K, used 131382K [0x00000000c0000000, 0x00000000ca080000, 0x00000000eab00000)
  object space 164352K, 79% used [0x00000000c0000000,0x00000000c804dbd8,0x00000000ca080000)
 Metaspace       used 6633K, capacity 7320K, committed 7680K, reserved 1056768K
  class space    used 626K, capacity 656K, committed 768K, reserved 1048576K
}
Event: 3.179 GC heap before
{Heap before GC invocations=13 (full 2):
 PSYoungGen      total 274944K, used 32237K [0x00000000eab00000, 0x0000000100000000, 0x0000000100000000)
  eden space 200704K, 0% used [0x00000000eab00000,0x00000000eab00000,0x00000000f6f00000)
  from space 74240K, 43% used [0x00000000f6f00000,0x00000000f8e7b408,0x00000000fb780000)
  to   space 71680K, 0% used [0x00000000fba00000,0x00000000fba00000,0x0000000100000000)
 ParOldGen       total 164352K, used 131382K [0x00000000c0000000, 0x00000000ca080000, 0x00000000eab00000)
  object space 164352K, 79% used [0x00000000c0000000,0x00000000c804dbd8,0x00000000ca080000)
 Metaspace       used 6633K, capacity 7320K, committed 7680K, reserved 1056768K
  class space    used 626K, capacity 656K, committed 768K, reserved 1048576K

Deoptimization events (10 events):
Event: 1.149 Thread 0x0000000018728000 Uncommon trap: reason=unstable_if action=reinterpret pc=0x000000000329b648 method=java.util.HashMap.putVal(ILjava/lang/Object;Ljava/lang/Object;ZZ)Ljava/lang/Object; @ 162
Event: 1.149 Thread 0x0000000018728000 Uncommon trap: reason=unstable_if action=reinterpret pc=0x00000000032e4f44 method=java.util.HashMap.getNode(ILjava/lang/Object;)Ljava/util/HashMap$Node; @ 84
Event: 1.492 Thread 0x0000000017a31800 Uncommon trap: reason=unstable_if action=reinterpret pc=0x000000000306f4ac method=com.android.dx.dex.code.OutputFinisher.hasLocalInfo(Lcom/android/dx/dex/code/DalvInsn;)Z @ 24
Event: 1.879 Thread 0x0000000002b80800 Uncommon trap: reason=bimorphic action=maybe_recompile pc=0x0000000003470014 method=com.android.dx.cf.code.BytecodeArray.parseInstruction(ILcom/android/dx/cf/code/BytecodeArray$Visitor;)I @ 1549
Event: 1.879 Thread 0x0000000002b80800 Uncommon trap: reason=bimorphic action=maybe_recompile pc=0x0000000003470014 method=com.android.dx.cf.code.BytecodeArray.parseInstruction(ILcom/android/dx/cf/code/BytecodeArray$Visitor;)I @ 1549
Event: 1.987 Thread 0x0000000017a2d000 Uncommon trap: reason=unstable_if action=reinterpret pc=0x000000000344f49c method=com.android.dx.ssa.SCCP.simulateBranch(Lcom/android/dx/ssa/SsaInsn;)V @ 548
Event: 2.219 Thread 0x0000000017a31800 Uncommon trap: reason=unstable_if action=reinterpret pc=0x0000000003507b30 method=com.android.dx.cf.code.Ropper.labelToResultIndex(I)I @ 34
Event: 2.367 Thread 0x0000000017a2d000 Uncommon trap: reason=unstable_if action=reinterpret pc=0x0000000003457b78 method=com.android.dx.rop.code.RegisterSpecSet.<init>(I)V @ 2
Event: 2.368 Thread 0x0000000017a2d000 Uncommon trap: reason=unstable_if action=reinterpret pc=0x0000000003074e38 method=com.android.dx.rop.code.RegisterSpecSet.<init>(I)V @ 2
Event: 2.982 Thread 0x0000000017a2d000 Uncommon trap: reason=unstable_if action=reinterpret pc=0x0000000003649fb8 method=com.android.dx.ssa.back.IdenticalBlockCombiner.combineBlocks(ILcom/android/dx/util/IntList;)V @ 11

Internal exceptions (8 events):
Event: 0.020 Thread 0x0000000002b80800 Exception <a 'java/lang/NoSuchMethodError': Method sun.misc.Unsafe.defineClass(Ljava/lang/String;[BII)Ljava/lang/Class; name or signature does not match> (0x00000000eab07cc0) thrown at [C:\re\workspace\8-2-build-windows-amd64-cygwin\jdk8u91\6644\hotspot\srSi¼»N”?
Event: 0.020 Thread 0x0000000002b80800 Exception <a 'java/lang/NoSuchMethodError': Method sun.misc.Unsafe.prefetchRead(Ljava/lang/Object;J)V name or signature does not match> (0x00000000eab07fa8) thrown at [C:\re\workspace\8-2-build-windows-amd64-cygwin\jdk8u91\6644\hotspot\src\share\vm\prims\j*4ü¾®£Õ?
Event: 0.338 Thread 0x0000000017a2d000 Implicit null exception at 0x0000000002f31d62 to 0x0000000002f31e61
Event: 0.373 Thread 0x0000000017a31800 Implicit null exception at 0x0000000002fa3088 to 0x0000000002fa5dd9
Event: 0.605 Thread 0x0000000018728000 Implicit null exception at 0x00000000030cc913 to 0x00000000030cca7d
Event: 1.052 Thread 0x0000000018728000 Exception <a 'java/lang/ArrayIndexOutOfBoundsException': 18> (0x00000000eeaf8600) thrown at [C:\re\workspace\8-2-build-windows-amd64-cygwin\jdk8u91\6644\hotspot\src\share\vm\interpreter\interpreterRuntime.cpp, line 366]
Event: 1.052 Thread 0x0000000018728000 Exception <a 'java/lang/ArrayIndexOutOfBoundsException': 145> (0x00000000eeafa180) thrown at [C:\re\workspace\8-2-build-windows-amd64-cygwin\jdk8u91\6644\hotspot\src\share\vm\interpreter\interpreterRuntime.cpp, line 366]
Event: 1.053 Thread 0x0000000018728000 Exception <a 'java/lang/ArrayIndexOutOfBoundsException'> (0x00000000eeafb468) thrown at [C:\re\workspace\8-2-build-windows-amd64-cygwin\jdk8u91\6644\hotspot\src\share\vm\runtime\sharedRuntime.cpp, line 605]

Events (10 events):
Event: 3.075 Thread 0x0000000017a2d800 DEOPT UNPACKING pc=0x0000000002cc787f sp=0x000000001a02e510 mode 0
Event: 3.084 Thread 0x0000000017a2d000 DEOPT PACKING pc=0x000000000313e578 sp=0x000000001a12e3e0
Event: 3.084 Thread 0x0000000017a2d000 DEOPT UNPACKING pc=0x0000000002cc787f sp=0x000000001a12e210 mode 0
Event: 3.103 Thread 0x0000000017a31800 DEOPT PACKING pc=0x0000000003022090 sp=0x0000000019f2e900
Event: 3.103 Thread 0x0000000017a31800 DEOPT UNPACKING pc=0x0000000002cc787f sp=0x0000000019f2e6e0 mode 0
Event: 3.107 Thread 0x0000000017a31800 DEOPT PACKING pc=0x000000000313e1a9 sp=0x0000000019f2e970
Event: 3.107 Thread 0x0000000017a31800 DEOPT UNPACKING pc=0x0000000002cc787f sp=0x0000000019f2e7a0 mode 0
Event: 3.120 Thread 0x0000000017a2d000 DEOPT PACKING pc=0x000000000313e1a9 sp=0x000000001a12e3e0
Event: 3.120 Thread 0x0000000017a2d000 DEOPT UNPACKING pc=0x0000000002cc787f sp=0x000000001a12e210 mode 0
Event: 3.123 Executing VM operation: ParallelGCFailedAllocation


Dynamic libraries:
0x00007ff724560000 - 0x00007ff724597000 	C:\Program Files\Java\jdk1.8.0_91\bin\java.exe
0x00007ff8ec540000 - 0x00007ff8ec70c000 	C:\WINDOWS\SYSTEM32\ntdll.dll
0x00007ff8ec490000 - 0x00007ff8ec53a000 	C:\WINDOWS\system32\KERNEL32.DLL
0x00007ff8e8bd0000 - 0x00007ff8e8de7000 	C:\WINDOWS\system32\KERNELBASE.dll
0x00007ff8ea200000 - 0x00007ff8ea29f000 	C:\WINDOWS\system32\ADVAPI32.dll
0x00007ff8ec3f0000 - 0x00007ff8ec48e000 	C:\WINDOWS\system32\msvcrt.dll
0x00007ff8ebdf0000 - 0x00007ff8ebe49000 	C:\WINDOWS\system32\sechost.dll
0x00007ff8ea2b0000 - 0x00007ff8ea3cb000 	C:\WINDOWS\system32\RPCRT4.dll
0x00007ff8ebaa0000 - 0x00007ff8ebc07000 	C:\WINDOWS\system32\USER32.dll
0x0000000069df0000 - 0x0000000069e0e000 	C:\WINDOWS\system32\win32u.dll
0x00007ff8eb8f0000 - 0x00007ff8eb921000 	C:\WINDOWS\system32\GDI32.dll
0x00007ff8e9580000 - 0x00007ff8e9704000 	C:\WINDOWS\system32\gdi32full.dll
0x00007ff8e2300000 - 0x00007ff8e256c000 	C:\WINDOWS\WinSxS\amd64_microsoft.windows.common-controls_6595b64144ccf1df_6.0.14342.1000_none_7e069bc768929b65\COMCTL32.dll
0x00007ff8e9c30000 - 0x00007ff8e9ed9000 	C:\WINDOWS\system32\combase.dll
0x00007ff8e97c0000 - 0x00007ff8e98b5000 	C:\WINDOWS\system32\ucrtbase.dll
0x00007ff8e9510000 - 0x00007ff8e9578000 	C:\WINDOWS\system32\bcryptPrimitives.dll
0x00007ff8ebc10000 - 0x00007ff8ebc3e000 	C:\WINDOWS\system32\IMM32.DLL
0x0000000066ab0000 - 0x0000000066b82000 	C:\Program Files\Java\jdk1.8.0_91\jre\bin\msvcr100.dll
0x0000000066210000 - 0x0000000066aa3000 	C:\Program Files\Java\jdk1.8.0_91\jre\bin\server\jvm.dll
0x00007ff8ea2a0000 - 0x00007ff8ea2a7000 	C:\WINDOWS\system32\PSAPI.DLL
0x00007ff8db460000 - 0x00007ff8db469000 	C:\WINDOWS\SYSTEM32\WSOCK32.dll
0x00007ff8e6840000 - 0x00007ff8e6863000 	C:\WINDOWS\SYSTEM32\WINMM.dll
0x00007ff8e70a0000 - 0x00007ff8e70aa000 	C:\WINDOWS\SYSTEM32\VERSION.dll
0x00007ff8e9bb0000 - 0x00007ff8e9c24000 	C:\WINDOWS\system32\WS2_32.dll
0x00000000029b0000 - 0x00000000029db000 	C:\WINDOWS\SYSTEM32\WINMMBASE.dll
0x00007ff8e94c0000 - 0x00007ff8e9502000 	C:\WINDOWS\system32\cfgmgr32.dll
0x0000000066200000 - 0x000000006620f000 	C:\Program Files\Java\jdk1.8.0_91\jre\bin\verify.dll
0x00000000661d0000 - 0x00000000661f9000 	C:\Program Files\Java\jdk1.8.0_91\jre\bin\java.dll
0x00000000661b0000 - 0x00000000661c6000 	C:\Program Files\Java\jdk1.8.0_91\jre\bin\zip.dll
0x00007ff8ea430000 - 0x00007ff8eb8e5000 	C:\WINDOWS\system32\SHELL32.dll
0x00007ff8e8df0000 - 0x00007ff8e94be000 	C:\WINDOWS\system32\windows.storage.dll
0x00007ff8e8b20000 - 0x00007ff8e8b6c000 	C:\WINDOWS\system32\powrprof.dll
0x00007ff8ea3d0000 - 0x00007ff8ea422000 	C:\WINDOWS\system32\shlwapi.dll
0x00007ff8e8b00000 - 0x00007ff8e8b0f000 	C:\WINDOWS\system32\kernel.appcore.dll
0x00007ff8e9710000 - 0x00007ff8e97ba000 	C:\WINDOWS\system32\shcore.dll
0x00007ff8e8ae0000 - 0x00007ff8e8af4000 	C:\WINDOWS\system32\profapi.dll
0x00007ff8e85c0000 - 0x00007ff8e8752000 	C:\WINDOWS\SYSTEM32\dbghelp.dll

VM Arguments:
jvm_args: -Djava.awt.headless=true -Xmx1024M -Dfile.encoding=windows-1252 -Duser.country=US -Duser.language=en -Duser.variant 
java_command: com.android.dx.command.Main --dex --num-threads=4 --multi-dex --main-dex-list E:\!Work\Learning\ITSS\r4r_android\app\build\intermediates\multi-dex\debug\maindexlist.txt --output E:\!Work\Learning\ITSS\r4r_android\app\build\intermediates\transforms\dex\debug\folders\1000\1f\main E:\!Work\Learning\ITSS\r4r_android\app\build\intermediates\transforms\jarMerging\debug\jars\1\1f\combined.jar
java_class_path (initial): C:\Users\sinzi\AppData\Local\Android\sdk\build-tools\23.0.2\lib\dx.jar
Launcher Type: SUN_STANDARD

Environment Variables:
CLASSPATH=.;C:\Program Files (x86)\QuickTime\QTSystem\QTJava.zip
PATH=C:\ProgramData\Oracle\Java\javapath;C:\WINDOWS\system32;C:\WINDOWS;C:\WINDOWS\System32\Wbem;C:\WINDOWS\System32\WindowsPowerShell\v1.0\;C:\Program Files (x86)\QuickTime\QTSystem\;C:\Program Files (x86)\Skype\Phone\;%localappdata%\Microsoft\WindowsApps;C:\Program Files\Git\cmd;C:\Program Files\Git\mingw64\bin;C:\Program Files\Git\usr\bin;C:\Users\sinzi\AppData\Local\Microsoft\WindowsApps;
USERNAME=sinzi
OS=Windows_NT
PROCESSOR_IDENTIFIER=Intel64 Family 6 Model 58 Stepping 9, GenuineIntel



---------------  S Y S T E M  ---------------

OS: Windows 10.0 , 64 bit Build 14342 (10.0.14342.1000)

CPU:total 8 (4 cores per cpu, 2 threads per core) family 6 model 58 stepping 9, cmov, cx8, fxsr, mmx, sse, sse2, sse3, ssse3, sse4.1, sse4.2, popcnt, avx, aes, clmul, erms, ht, tsc, tscinvbit, tscinv

Memory: 4k page, physical 8347828k(800648k free), swap 15102972k(2410004k free)

vm_info: Java HotSpot(TM) 64-Bit Server VM (25.91-b14) for windows-amd64 JRE (1.8.0_91-b14), built on Apr  1 2016 00:58:32 by "java_re" with MS VC++ 10.0 (VS2010)

time: Sun May 22 19:53:21 2016
elapsed time: 3 seconds (0d 0h 0m 3s)

