#
# A fatal error has been detected by the Java Runtime Environment:
#
#  SIGSEGV (0xb) at pc=0x00007f96aa8f5d55, pid=15311, tid=0x00007f969023f700
#
# JRE version: Java(TM) SE Runtime Environment (8.0_92-b14) (build 1.8.0_92-b14)
# Java VM: Java HotSpot(TM) 64-Bit Server VM (25.92-b14 mixed mode linux-amd64 compressed oops)
# Problematic frame:
# V  [libjvm.so+0x639d55]  IndexSet::initialize(unsigned int)+0x25
#
# Failed to write core dump. Core dumps have been disabled. To enable core dumping, try "ulimit -c unlimited" before starting Java again
#
# If you would like to submit a bug report, please visit:
#   http://bugreport.java.com/bugreport/crash.jsp
#

---------------  T H R E A D  ---------------

Current thread (0x00007f96a40c4800):  JavaThread "C2 CompilerThread1" daemon [_thread_in_native, id=15395, stack(0x00007f969013f000,0x00007f9690240000)]

siginfo: si_signo: 11 (SIGSEGV), si_code: 1 (SEGV_MAPERR), si_addr: 0x0000000000000001

Registers:
RAX=0x0000000000000001, RBX=0x0000000000000f00, RCX=0x0000000000000001, RDX=0x0000000000000000
RSP=0x00007f969023b680, RBP=0x00007f969023b690, RSI=0x00000000000000c7, RDI=0x00007f964841a7e0
R8 =0x0000000000000002, R9 =0x00000000000000c7, R10=0x0000000000000001, R11=0x0000000000000048
R12=0x0000000000000958, R13=0x0000000000007c60, R14=0x00007f969023b840, R15=0x00000000000000c7
RIP=0x00007f96aa8f5d55, EFLAGS=0x0000000000010203, CSGSFS=0x0000000000000033, ERR=0x0000000000000006
  TRAPNO=0x000000000000000e

Top of Stack: (sp=0x00007f969023b680)
0x00007f969023b680:   0000000000000958 0000000000007c60
0x00007f969023b690:   00007f969023b6d0 00007f96aa8efa26
0x00007f969023b6a0:   00007f969023b880 00007f96ab267b00
0x00007f969023b6b0:   00000000000000c7 0000000000000060
0x00007f969023b6c0:   00007f969023d068 00000000000000c7
0x00007f969023b6d0:   00007f969023b940 00007f96aa6c9c39
0x00007f969023b6e0:   000000000000000b 00007f969023b880
0x00007f969023b6f0:   00007f969023b840 00007f969023d0b0
0x00007f969023b700:   00007f969023b7e0 00007f969023b8b0
0x00007f969023b710:   00007f969023cf80 0000000c00000048
0x00007f969023b720:   00007f96506b46d8 0000000000000010
0x00007f969023b730:   0000000200000001 00007f9600000004
0x00007f969023b740:   00007f969023b7e0 00007f969023b7c0
0x00007f969023b750:   00007f969023b7c0 00007f9650610088
0x00007f969023b760:   00007f969023b830 00007f96aaa8e043
0x00007f969023b770:   0000023b0000000b 00007f969023d108
0x00007f969023b780:   0000000000000048 0000000b0000000b
0x00007f969023b790:   00007f9650610078 00007f969023d0b0
0x00007f969023b7a0:   0000000b9023b800 00007f960000000b
0x00007f969023b7b0:   00007f969023d0b0 0000000000000000
0x00007f969023b7c0:   00007f96a401c0f0 00007f96aad29dd6
0x00007f969023b7d0:   00007f964841e830 00007f96aad29d27
0x00007f969023b7e0:   00007f960000000a 00007f969023de10
0x00007f969023b7f0:   0000000000000000 0000000000000000
0x00007f969023b800:   000000000000000c 0000000000000048
0x00007f969023b810:   00007f969023b8b0 00007f969023d0b0
0x00007f969023b820:   00007f969023d090 00007f96a401c0f0
0x00007f969023b830:   00007f969023b880 00007f96aa8a0af7
0x00007f969023b840:   00007f960000000c 00007f969023de10
0x00007f969023b850:   00007f9648419980 00007f969023cf00
0x00007f969023b860:   00007f965c7a86f0 00007f96000000c7
0x00007f969023b870:   00007f969023b880 00007f965c076b00 

Instructions: (pc=0x00007f96aa8f5d55)
0x00007f96aa8f5d35:   00 00 48 89 e5 41 55 c1 e8 08 41 54 53 48 89 fb
0x00007f96aa8f5d45:   48 83 ec 08 83 f8 10 c7 07 00 00 00 00 89 87 90
0x00007f96aa8f5d55:   00 00 00 77 46 48 8d 47 10 48 89 47 08 44 8b 93
0x00007f96aa8f5d65:   90 00 00 00 45 85 d2 74 1e 31 c9 48 8b 43 08 48 

Register to memory mapping:

RAX=0x0000000000000001 is an unknown value
RBX=0x0000000000000f00 is an unknown value
RCX=0x0000000000000001 is an unknown value
RDX=0x0000000000000000 is an unknown value
RSP=0x00007f969023b680 is pointing into the stack for thread: 0x00007f96a40c4800
RBP=0x00007f969023b690 is pointing into the stack for thread: 0x00007f96a40c4800
RSI=0x00000000000000c7 is an unknown value
RDI=0x00007f964841a7e0 is an unknown value
R8 =0x0000000000000002 is an unknown value
R9 =0x00000000000000c7 is an unknown value
R10=0x0000000000000001 is an unknown value
R11=0x0000000000000048 is an unknown value
R12=0x0000000000000958 is an unknown value
R13=0x0000000000007c60 is an unknown value
R14=0x00007f969023b840 is pointing into the stack for thread: 0x00007f96a40c4800
R15=0x00000000000000c7 is an unknown value


Stack: [0x00007f969013f000,0x00007f9690240000],  sp=0x00007f969023b680,  free space=1009k
Native frames: (J=compiled Java code, j=interpreted, Vv=VM code, C=native code)
V  [libjvm.so+0x639d55]  IndexSet::initialize(unsigned int)+0x25
V  [libjvm.so+0x633a26]  PhaseIFG::init(unsigned int)+0x156
V  [libjvm.so+0x40dc39]  PhaseChaitin::Register_Allocate()+0x359
V  [libjvm.so+0x4a0f30]  Compile::Code_Gen()+0x260
V  [libjvm.so+0x4a44e1]  Compile::Compile(ciEnv*, C2Compiler*, ciMethod*, int, bool, bool, bool)+0x14b1
V  [libjvm.so+0x3f1b38]  C2Compiler::compile_method(ciEnv*, ciMethod*, int)+0x198
V  [libjvm.so+0x4aea9a]  CompileBroker::invoke_compiler_on_method(CompileTask*)+0xc9a
V  [libjvm.so+0x4afa46]  CompileBroker::compiler_thread_loop()+0x5d6
V  [libjvm.so+0xa6cc5f]  JavaThread::thread_main_inner()+0xdf
V  [libjvm.so+0xa6cd8c]  JavaThread::run()+0x11c
V  [libjvm.so+0x91fad8]  java_start(Thread*)+0x108
C  [libpthread.so.0+0x76fa]  start_thread+0xca


Current CompileTask:
C2:   1301 1058       4       com.android.dx.util.IntList::mutableCopy (39 bytes)


---------------  P R O C E S S  ---------------

Java Threads: ( => current thread )
  0x00007f96a41c2000 JavaThread "pool-2-thread-4" [_thread_in_Java, id=15437, stack(0x00007f966acbb000,0x00007f966adbc000)]
  0x00007f96a41c0000 JavaThread "pool-2-thread-3" [_thread_in_Java, id=15433, stack(0x00007f966adbc000,0x00007f966aebd000)]
  0x00007f96a41b9000 JavaThread "pool-2-thread-2" [_thread_in_Java, id=15415, stack(0x00007f966aebd000,0x00007f966afbe000)]
  0x00007f96a41b7800 JavaThread "pool-3-thread-1" [_thread_blocked, id=15409, stack(0x00007f966afbe000,0x00007f966b0bf000)]
  0x00007f96a41b5800 JavaThread "pool-2-thread-1" [_thread_in_vm, id=15408, stack(0x00007f966b0bf000,0x00007f966b1c0000)]
  0x00007f96a40dd800 JavaThread "Service Thread" daemon [_thread_blocked, id=15400, stack(0x00007f966b2c1000,0x00007f966b3c2000)]
  0x00007f96a40c8800 JavaThread "C1 CompilerThread3" daemon [_thread_blocked, id=15397, stack(0x00007f966b3c2000,0x00007f966b4c3000)]
  0x00007f96a40c6000 JavaThread "C2 CompilerThread2" daemon [_thread_in_native, id=15396, stack(0x00007f969003e000,0x00007f969013f000)]
=>0x00007f96a40c4800 JavaThread "C2 CompilerThread1" daemon [_thread_in_native, id=15395, stack(0x00007f969013f000,0x00007f9690240000)]
  0x00007f96a40c1800 JavaThread "C2 CompilerThread0" daemon [_thread_in_native, id=15383, stack(0x00007f9690240000,0x00007f9690341000)]
  0x00007f96a40c0000 JavaThread "Signal Dispatcher" daemon [_thread_blocked, id=15380, stack(0x00007f9690341000,0x00007f9690442000)]
  0x00007f96a408c000 JavaThread "Finalizer" daemon [_thread_blocked, id=15374, stack(0x00007f9690442000,0x00007f9690543000)]
  0x00007f96a4087800 JavaThread "Reference Handler" daemon [_thread_blocked, id=15372, stack(0x00007f9690543000,0x00007f9690644000)]
  0x00007f96a400a000 JavaThread "main" [_thread_in_Java, id=15330, stack(0x00007f96abda3000,0x00007f96abea4000)]

Other Threads:
  0x00007f96a4080000 VMThread [stack: 0x00007f9690644000,0x00007f9690745000] [id=15368]
  0x00007f96a40f0000 WatcherThread [stack: 0x00007f966b1c0000,0x00007f966b2c1000] [id=15405]

VM state:not at safepoint (normal execution)

VM Mutex/Monitor currently owned by a thread: None

Heap:
 PSYoungGen      total 37888K, used 31301K [0x00000000eab00000, 0x00000000ef500000, 0x0000000100000000)
  eden space 32768K, 79% used [0x00000000eab00000,0x00000000ec498290,0x00000000ecb00000)
  from space 5120K, 99% used [0x00000000ecb00000,0x00000000ecff93e8,0x00000000ed000000)
  to   space 5120K, 0% used [0x00000000ef000000,0x00000000ef000000,0x00000000ef500000)
 ParOldGen       total 86016K, used 2522K [0x00000000c0000000, 0x00000000c5400000, 0x00000000eab00000)
  object space 86016K, 2% used [0x00000000c0000000,0x00000000c0276af0,0x00000000c5400000)
 Metaspace       used 5719K, capacity 6896K, committed 7040K, reserved 1056768K
  class space    used 576K, capacity 616K, committed 640K, reserved 1048576K

Card table byte_map: [0x00007f96a8954000,0x00007f96a8b55000] byte_map_base: 0x00007f96a8354000

Marking Bits: (ParMarkBitMap*) 0x00007f96ab2754c0
 Begin Bits: [0x00007f9692eff000, 0x00007f9693eff000)
 End Bits:   [0x00007f9693eff000, 0x00007f9694eff000)

Polling page: 0x00007f96abec4000

CodeCache: size=245760Kb used=3792Kb max_used=3804Kb free=241967Kb
 bounds [0x00007f9695000000, 0x00007f96953c0000, 0x00007f96a4000000]
 total_blobs=1357 nmethods=1096 adapters=175
 compilation: enabled

Compilation events (10 events):
Event: 1,266 Thread 0x00007f96a40c4800 nmethod 1057 0x00007f96953ae550 code [0x00007f96953ae6a0, 0x00007f96953ae798]
Event: 1,266 Thread 0x00007f96a40c4800 1054       4       java.util.Collections$UnmodifiableCollection$1::next (10 bytes)
Event: 1,268 Thread 0x00007f96a40c4800 nmethod 1054 0x00007f96953acd50 code [0x00007f96953acec0, 0x00007f96953ad068]
Event: 1,268 Thread 0x00007f96a40c4800 1107       4       com.android.dx.ssa.SsaRenamer$BlockRenamer::addMapping (143 bytes)
Event: 1,286 Thread 0x00007f96a40c4800 nmethod 1107 0x00007f96953b9650 code [0x00007f96953b9800, 0x00007f96953b9ed8]
Event: 1,286 Thread 0x00007f96a40c4800  680 %     4       com.android.dx.cf.code.Ropper::labelToResultIndex @ 10 (47 bytes)
Event: 1,286 Thread 0x00007f96a40c8800 1169       3       java.util.ArrayList::clear (39 bytes)
Event: 1,286 Thread 0x00007f96a40c8800 nmethod 1169 0x00007f96953b9010 code [0x00007f96953b91a0, 0x00007f96953b9510]
Event: 1,290 Thread 0x00007f96a40c4800 nmethod 680% 0x00007f96953b88d0 code [0x00007f96953b8a60, 0x00007f96953b8db8]
Event: 1,290 Thread 0x00007f96a40c4800 1058       4       com.android.dx.util.IntList::mutableCopy (39 bytes)

GC Heap History (2 events):
Event: 0,760 GC heap before
{Heap before GC invocations=1 (full 0):
 PSYoungGen      total 37888K, used 32768K [0x00000000eab00000, 0x00000000ed500000, 0x0000000100000000)
  eden space 32768K, 100% used [0x00000000eab00000,0x00000000ecb00000,0x00000000ecb00000)
  from space 5120K, 0% used [0x00000000ed000000,0x00000000ed000000,0x00000000ed500000)
  to   space 5120K, 0% used [0x00000000ecb00000,0x00000000ecb00000,0x00000000ed000000)
 ParOldGen       total 86016K, used 0K [0x00000000c0000000, 0x00000000c5400000, 0x00000000eab00000)
  object space 86016K, 0% used [0x00000000c0000000,0x00000000c0000000,0x00000000c5400000)
 Metaspace       used 5543K, capacity 6768K, committed 7040K, reserved 1056768K
  class space    used 575K, capacity 616K, committed 640K, reserved 1048576K
Event: 0,790 GC heap after
Heap after GC invocations=1 (full 0):
 PSYoungGen      total 37888K, used 5092K [0x00000000eab00000, 0x00000000ef500000, 0x0000000100000000)
  eden space 32768K, 0% used [0x00000000eab00000,0x00000000eab00000,0x00000000ecb00000)
  from space 5120K, 99% used [0x00000000ecb00000,0x00000000ecff93e8,0x00000000ed000000)
  to   space 5120K, 0% used [0x00000000ef000000,0x00000000ef000000,0x00000000ef500000)
 ParOldGen       total 86016K, used 2522K [0x00000000c0000000, 0x00000000c5400000, 0x00000000eab00000)
  object space 86016K, 2% used [0x00000000c0000000,0x00000000c0276af0,0x00000000c5400000)
 Metaspace       used 5543K, capacity 6768K, committed 7040K, reserved 1056768K
  class space    used 575K, capacity 616K, committed 640K, reserved 1048576K
}

Deoptimization events (4 events):
Event: 0,257 Thread 0x00007f96a400a000 Uncommon trap: reason=unstable_if action=reinterpret pc=0x00007f9695182890 method=java.lang.String.<init>([CII)V @ 18
Event: 0,316 Thread 0x00007f96a41c0000 Uncommon trap: reason=unstable_if action=reinterpret pc=0x00007f96951a32f0 method=java.util.HashMap.getNode(ILjava/lang/Object;)Ljava/util/HashMap$Node; @ 62
Event: 0,656 Thread 0x00007f96a400a000 Uncommon trap: reason=null_check action=make_not_entrant pc=0x00007f9695268818 method=com.android.dx.ssa.SsaRenamer.getLocalForNewReg(I)Lcom/android/dx/rop/code/LocalItem; @ 19
Event: 0,659 Thread 0x00007f96a41c2000 Uncommon trap: reason=null_check action=make_not_entrant pc=0x00007f9695268818 method=com.android.dx.ssa.SsaRenamer.getLocalForNewReg(I)Lcom/android/dx/rop/code/LocalItem; @ 19

Internal exceptions (4 events):
Event: 0,055 Thread 0x00007f96a400a000 Exception <a 'java/lang/NoSuchMethodError': Method sun.misc.Unsafe.defineClass(Ljava/lang/String;[BII)Ljava/lang/Class; name or signature does not match> (0x00000000eab07cc0) thrown at [/HUDSON/workspace/8-2-build-linux-amd64/jdk8u92/6642/hotspot/src/shar
Event: 0,055 Thread 0x00007f96a400a000 Exception <a 'java/lang/NoSuchMethodError': Method sun.misc.Unsafe.prefetchRead(Ljava/lang/Object;J)V name or signature does not match> (0x00000000eab07fa8) thrown at [/HUDSON/workspace/8-2-build-linux-amd64/jdk8u92/6642/hotspot/src/share/vm/prims/jni.cpp
Event: 0,656 Thread 0x00007f96a400a000 Implicit null exception at 0x00007f9695266189 to 0x00007f96952687f5
Event: 0,658 Thread 0x00007f96a41c2000 Implicit null exception at 0x00007f9695266189 to 0x00007f96952687f5

Events (10 events):
Event: 1,291 Thread 0x00007f96a400a000 DEOPT PACKING pc=0x00007f9695253f2d sp=0x00007f96abea1310
Event: 1,291 Thread 0x00007f96a400a000 DEOPT UNPACKING pc=0x00007f9695047633 sp=0x00007f96abea1098 mode 0
Event: 1,292 Thread 0x00007f96a41b9000 DEOPT PACKING pc=0x00007f9695253f2d sp=0x00007f966afbbd90
Event: 1,292 Thread 0x00007f96a41b9000 DEOPT UNPACKING pc=0x00007f9695047633 sp=0x00007f966afbbb18 mode 0
Event: 1,294 Thread 0x00007f96a41b9000 DEOPT PACKING pc=0x00007f9695253f2d sp=0x00007f966afbbd90
Event: 1,294 Thread 0x00007f96a41b9000 DEOPT UNPACKING pc=0x00007f9695047633 sp=0x00007f966afbbb18 mode 0
Event: 1,295 Thread 0x00007f96a41b5800 DEOPT PACKING pc=0x00007f9695253f2d sp=0x00007f966b1bdc90
Event: 1,295 Thread 0x00007f96a41b5800 DEOPT UNPACKING pc=0x00007f9695047633 sp=0x00007f966b1bda18 mode 0
Event: 1,296 Thread 0x00007f96a41b5800 DEOPT PACKING pc=0x00007f9695253f2d sp=0x00007f966b1bdc90
Event: 1,296 Thread 0x00007f96a41b5800 DEOPT UNPACKING pc=0x00007f9695047633 sp=0x00007f966b1bda18 mode 0


Dynamic libraries:
00400000-00401000 r-xp 00000000 08:06 4325653                            /usr/lib/jvm/java-8-oracle/bin/java
00600000-00601000 rw-p 00000000 08:06 4325653                            /usr/lib/jvm/java-8-oracle/bin/java
008cb000-008ec000 rw-p 00000000 00:00 0                                  [heap]
c0000000-c5400000 rw-p 00000000 00:00 0 
c5400000-eab00000 ---p 00000000 00:00 0 
eab00000-ef500000 rw-p 00000000 00:00 0 
ef500000-100000000 ---p 00000000 00:00 0 
100000000-1000a0000 rw-p 00000000 00:00 0 
1000a0000-140000000 ---p 00000000 00:00 0 
7f9630000000-7f96300c4000 rw-p 00000000 00:00 0 
7f96300c4000-7f9634000000 ---p 00000000 00:00 0 
7f9634000000-7f963403a000 rw-p 00000000 00:00 0 
7f963403a000-7f9638000000 ---p 00000000 00:00 0 
7f9638000000-7f9638021000 rw-p 00000000 00:00 0 
7f9638021000-7f963c000000 ---p 00000000 00:00 0 
7f963c000000-7f963c055000 rw-p 00000000 00:00 0 
7f963c055000-7f9640000000 ---p 00000000 00:00 0 
7f9640000000-7f9640021000 rw-p 00000000 00:00 0 
7f9640021000-7f9644000000 ---p 00000000 00:00 0 
7f9644000000-7f9644026000 rw-p 00000000 00:00 0 
7f9644026000-7f9648000000 ---p 00000000 00:00 0 
7f9648000000-7f96488f6000 rw-p 00000000 00:00 0 
7f96488f6000-7f964c000000 ---p 00000000 00:00 0 
7f964c000000-7f964c021000 rw-p 00000000 00:00 0 
7f964c021000-7f9650000000 ---p 00000000 00:00 0 
7f9650000000-7f9650b6d000 rw-p 00000000 00:00 0 
7f9650b6d000-7f9654000000 ---p 00000000 00:00 0 
7f9654000000-7f9655082000 rw-p 00000000 00:00 0 
7f9655082000-7f9658000000 ---p 00000000 00:00 0 
7f9658000000-7f9658021000 rw-p 00000000 00:00 0 
7f9658021000-7f965c000000 ---p 00000000 00:00 0 
7f965c000000-7f965ca91000 rw-p 00000000 00:00 0 
7f965ca91000-7f9660000000 ---p 00000000 00:00 0 
7f9660000000-7f9660021000 rw-p 00000000 00:00 0 
7f9660021000-7f9664000000 ---p 00000000 00:00 0 
7f9664000000-7f9664021000 rw-p 00000000 00:00 0 
7f9664021000-7f9668000000 ---p 00000000 00:00 0 
7f966aa59000-7f966acbb000 rw-p 00000000 00:00 0 
7f966acbb000-7f966acbe000 ---p 00000000 00:00 0 
7f966acbe000-7f966adbc000 rw-p 00000000 00:00 0 
7f966adbc000-7f966adbf000 ---p 00000000 00:00 0 
7f966adbf000-7f966aebd000 rw-p 00000000 00:00 0 
7f966aebd000-7f966aec0000 ---p 00000000 00:00 0 
7f966aec0000-7f966afbe000 rw-p 00000000 00:00 0 
7f966afbe000-7f966afc1000 ---p 00000000 00:00 0 
7f966afc1000-7f966b0bf000 rw-p 00000000 00:00 0 
7f966b0bf000-7f966b0c2000 ---p 00000000 00:00 0 
7f966b0c2000-7f966b1c0000 rw-p 00000000 00:00 0 
7f966b1c0000-7f966b1c1000 ---p 00000000 00:00 0 
7f966b1c1000-7f966b2c1000 rw-p 00000000 00:00 0 
7f966b2c1000-7f966b2c4000 ---p 00000000 00:00 0 
7f966b2c4000-7f966b3c2000 rw-p 00000000 00:00 0 
7f966b3c2000-7f966b3c5000 ---p 00000000 00:00 0 
7f966b3c5000-7f966b4c3000 rw-p 00000000 00:00 0 
7f966b4c3000-7f966c000000 r--p 00000000 08:06 9444271                    /usr/lib/locale/locale-archive
7f966c000000-7f966c021000 rw-p 00000000 00:00 0 
7f966c021000-7f9670000000 ---p 00000000 00:00 0 
7f9670000000-7f9670021000 rw-p 00000000 00:00 0 
7f9670021000-7f9674000000 ---p 00000000 00:00 0 
7f9674000000-7f9674021000 rw-p 00000000 00:00 0 
7f9674021000-7f9678000000 ---p 00000000 00:00 0 
7f9678000000-7f9678021000 rw-p 00000000 00:00 0 
7f9678021000-7f967c000000 ---p 00000000 00:00 0 
7f967c000000-7f967c021000 rw-p 00000000 00:00 0 
7f967c021000-7f9680000000 ---p 00000000 00:00 0 
7f9680000000-7f9680021000 rw-p 00000000 00:00 0 
7f9680021000-7f9684000000 ---p 00000000 00:00 0 
7f9684000000-7f9684021000 rw-p 00000000 00:00 0 
7f9684021000-7f9688000000 ---p 00000000 00:00 0 
7f9688000000-7f9688021000 rw-p 00000000 00:00 0 
7f9688021000-7f968c000000 ---p 00000000 00:00 0 
7f968c000000-7f968c021000 rw-p 00000000 00:00 0 
7f968c021000-7f9690000000 ---p 00000000 00:00 0 
7f969003e000-7f9690041000 ---p 00000000 00:00 0 
7f9690041000-7f969013f000 rw-p 00000000 00:00 0 
7f969013f000-7f9690142000 ---p 00000000 00:00 0 
7f9690142000-7f9690240000 rw-p 00000000 00:00 0 
7f9690240000-7f9690243000 ---p 00000000 00:00 0 
7f9690243000-7f9690341000 rw-p 00000000 00:00 0 
7f9690341000-7f9690344000 ---p 00000000 00:00 0 
7f9690344000-7f9690442000 rw-p 00000000 00:00 0 
7f9690442000-7f9690445000 ---p 00000000 00:00 0 
7f9690445000-7f9690543000 rw-p 00000000 00:00 0 
7f9690543000-7f9690546000 ---p 00000000 00:00 0 
7f9690546000-7f9690644000 rw-p 00000000 00:00 0 
7f9690644000-7f9690645000 ---p 00000000 00:00 0 
7f9690645000-7f9692326000 rw-p 00000000 00:00 0 
7f9692326000-7f96924ff000 r--s 03d24000 08:06 4330441                    /usr/lib/jvm/java-8-oracle/jre/lib/rt.jar
7f96924ff000-7f9692b3f000 rw-p 00000000 00:00 0 
7f9692b3f000-7f9692cff000 ---p 00000000 00:00 0 
7f9692cff000-7f9694eff000 rw-p 00000000 00:00 0 
7f9694eff000-7f9694f00000 ---p 00000000 00:00 0 
7f9694f00000-7f9695000000 rw-p 00000000 00:00 0 
7f9695000000-7f96953c0000 rwxp 00000000 00:00 0 
7f96953c0000-7f96a4000000 ---p 00000000 00:00 0 
7f96a4000000-7f96a43bc000 rw-p 00000000 00:00 0 
7f96a43bc000-7f96a8000000 ---p 00000000 00:00 0 
7f96a8011000-7f96a80f7000 rw-p 00000000 00:00 0 
7f96a80f7000-7f96a80f8000 ---p 00000000 00:00 0 
7f96a80f8000-7f96a81f8000 rw-p 00000000 00:00 0 
7f96a81f8000-7f96a81f9000 ---p 00000000 00:00 0 
7f96a81f9000-7f96a82f9000 rw-p 00000000 00:00 0 
7f96a82f9000-7f96a82fa000 ---p 00000000 00:00 0 
7f96a82fa000-7f96a83fa000 rw-p 00000000 00:00 0 
7f96a83fa000-7f96a83fb000 ---p 00000000 00:00 0 
7f96a83fb000-7f96a84fb000 rw-p 00000000 00:00 0 
7f96a84fb000-7f96a84fc000 ---p 00000000 00:00 0 
7f96a84fc000-7f96a85fc000 rw-p 00000000 00:00 0 
7f96a85fc000-7f96a85fd000 ---p 00000000 00:00 0 
7f96a85fd000-7f96a86fd000 rw-p 00000000 00:00 0 
7f96a86fd000-7f96a86fe000 ---p 00000000 00:00 0 
7f96a86fe000-7f96a8828000 rw-p 00000000 00:00 0 
7f96a8828000-7f96a8954000 ---p 00000000 00:00 0 
7f96a8954000-7f96a897e000 rw-p 00000000 00:00 0 
7f96a897e000-7f96a8aa9000 ---p 00000000 00:00 0 
7f96a8aa9000-7f96a8acf000 rw-p 00000000 00:00 0 
7f96a8acf000-7f96a8b54000 ---p 00000000 00:00 0 
7f96a8b54000-7f96a8b64000 rw-p 00000000 00:00 0 
7f96a8b64000-7f96a8f15000 ---p 00000000 00:00 0 
7f96a8f15000-7f96a8f2f000 r-xp 00000000 08:06 4330643                    /usr/lib/jvm/java-8-oracle/jre/lib/amd64/libzip.so
7f96a8f2f000-7f96a912f000 ---p 0001a000 08:06 4330643                    /usr/lib/jvm/java-8-oracle/jre/lib/amd64/libzip.so
7f96a912f000-7f96a9130000 rw-p 0001a000 08:06 4330643                    /usr/lib/jvm/java-8-oracle/jre/lib/amd64/libzip.so
7f96a9130000-7f96a913b000 r-xp 00000000 08:06 9179718                    /lib/x86_64-linux-gnu/libnss_files-2.23.so
7f96a913b000-7f96a933a000 ---p 0000b000 08:06 9179718                    /lib/x86_64-linux-gnu/libnss_files-2.23.so
7f96a933a000-7f96a933b000 r--p 0000a000 08:06 9179718                    /lib/x86_64-linux-gnu/libnss_files-2.23.so
7f96a933b000-7f96a933c000 rw-p 0000b000 08:06 9179718                    /lib/x86_64-linux-gnu/libnss_files-2.23.so
7f96a933c000-7f96a9342000 rw-p 00000000 00:00 0 
7f96a9342000-7f96a934d000 r-xp 00000000 08:06 9179728                    /lib/x86_64-linux-gnu/libnss_nis-2.23.so
7f96a934d000-7f96a954c000 ---p 0000b000 08:06 9179728                    /lib/x86_64-linux-gnu/libnss_nis-2.23.so
7f96a954c000-7f96a954d000 r--p 0000a000 08:06 9179728                    /lib/x86_64-linux-gnu/libnss_nis-2.23.so
7f96a954d000-7f96a954e000 rw-p 0000b000 08:06 9179728                    /lib/x86_64-linux-gnu/libnss_nis-2.23.so
7f96a954e000-7f96a9564000 r-xp 00000000 08:06 9179712                    /lib/x86_64-linux-gnu/libnsl-2.23.so
7f96a9564000-7f96a9763000 ---p 00016000 08:06 9179712                    /lib/x86_64-linux-gnu/libnsl-2.23.so
7f96a9763000-7f96a9764000 r--p 00015000 08:06 9179712                    /lib/x86_64-linux-gnu/libnsl-2.23.so
7f96a9764000-7f96a9765000 rw-p 00016000 08:06 9179712                    /lib/x86_64-linux-gnu/libnsl-2.23.so
7f96a9765000-7f96a9767000 rw-p 00000000 00:00 0 
7f96a9767000-7f96a976f000 r-xp 00000000 08:06 9179714                    /lib/x86_64-linux-gnu/libnss_compat-2.23.so
7f96a976f000-7f96a996e000 ---p 00008000 08:06 9179714                    /lib/x86_64-linux-gnu/libnss_compat-2.23.so
7f96a996e000-7f96a996f000 r--p 00007000 08:06 9179714                    /lib/x86_64-linux-gnu/libnss_compat-2.23.so
7f96a996f000-7f96a9970000 rw-p 00008000 08:06 9179714                    /lib/x86_64-linux-gnu/libnss_compat-2.23.so
7f96a9970000-7f96a999a000 r-xp 00000000 08:06 4330638                    /usr/lib/jvm/java-8-oracle/jre/lib/amd64/libjava.so
7f96a999a000-7f96a9b9a000 ---p 0002a000 08:06 4330638                    /usr/lib/jvm/java-8-oracle/jre/lib/amd64/libjava.so
7f96a9b9a000-7f96a9b9c000 rw-p 0002a000 08:06 4330638                    /usr/lib/jvm/java-8-oracle/jre/lib/amd64/libjava.so
7f96a9b9c000-7f96a9ba9000 r-xp 00000000 08:06 4330642                    /usr/lib/jvm/java-8-oracle/jre/lib/amd64/libverify.so
7f96a9ba9000-7f96a9da9000 ---p 0000d000 08:06 4330642                    /usr/lib/jvm/java-8-oracle/jre/lib/amd64/libverify.so
7f96a9da9000-7f96a9dab000 rw-p 0000d000 08:06 4330642                    /usr/lib/jvm/java-8-oracle/jre/lib/amd64/libverify.so
7f96a9dab000-7f96a9db2000 r-xp 00000000 08:06 9179773                    /lib/x86_64-linux-gnu/librt-2.23.so
7f96a9db2000-7f96a9fb1000 ---p 00007000 08:06 9179773                    /lib/x86_64-linux-gnu/librt-2.23.so
7f96a9fb1000-7f96a9fb2000 r--p 00006000 08:06 9179773                    /lib/x86_64-linux-gnu/librt-2.23.so
7f96a9fb2000-7f96a9fb3000 rw-p 00007000 08:06 9179773                    /lib/x86_64-linux-gnu/librt-2.23.so
7f96a9fb3000-7f96aa0bb000 r-xp 00000000 08:06 9179689                    /lib/x86_64-linux-gnu/libm-2.23.so
7f96aa0bb000-7f96aa2ba000 ---p 00108000 08:06 9179689                    /lib/x86_64-linux-gnu/libm-2.23.so
7f96aa2ba000-7f96aa2bb000 r--p 00107000 08:06 9179689                    /lib/x86_64-linux-gnu/libm-2.23.so
7f96aa2bb000-7f96aa2bc000 rw-p 00108000 08:06 9179689                    /lib/x86_64-linux-gnu/libm-2.23.so
7f96aa2bc000-7f96aaf7f000 r-xp 00000000 08:06 4330621                    /usr/lib/jvm/java-8-oracle/jre/lib/amd64/server/libjvm.so
7f96aaf7f000-7f96ab17e000 ---p 00cc3000 08:06 4330621                    /usr/lib/jvm/java-8-oracle/jre/lib/amd64/server/libjvm.so
7f96ab17e000-7f96ab257000 rw-p 00cc2000 08:06 4330621                    /usr/lib/jvm/java-8-oracle/jre/lib/amd64/server/libjvm.so
7f96ab257000-7f96ab2a2000 rw-p 00000000 00:00 0 
7f96ab2a2000-7f96ab462000 r-xp 00000000 08:06 9179619                    /lib/x86_64-linux-gnu/libc-2.23.so
7f96ab462000-7f96ab661000 ---p 001c0000 08:06 9179619                    /lib/x86_64-linux-gnu/libc-2.23.so
7f96ab661000-7f96ab665000 r--p 001bf000 08:06 9179619                    /lib/x86_64-linux-gnu/libc-2.23.so
7f96ab665000-7f96ab667000 rw-p 001c3000 08:06 9179619                    /lib/x86_64-linux-gnu/libc-2.23.so
7f96ab667000-7f96ab66b000 rw-p 00000000 00:00 0 
7f96ab66b000-7f96ab66e000 r-xp 00000000 08:06 9179643                    /lib/x86_64-linux-gnu/libdl-2.23.so
7f96ab66e000-7f96ab86d000 ---p 00003000 08:06 9179643                    /lib/x86_64-linux-gnu/libdl-2.23.so
7f96ab86d000-7f96ab86e000 r--p 00002000 08:06 9179643                    /lib/x86_64-linux-gnu/libdl-2.23.so
7f96ab86e000-7f96ab86f000 rw-p 00003000 08:06 9179643                    /lib/x86_64-linux-gnu/libdl-2.23.so
7f96ab86f000-7f96ab884000 r-xp 00000000 08:06 4330256                    /usr/lib/jvm/java-8-oracle/lib/amd64/jli/libjli.so
7f96ab884000-7f96aba84000 ---p 00015000 08:06 4330256                    /usr/lib/jvm/java-8-oracle/lib/amd64/jli/libjli.so
7f96aba84000-7f96aba85000 rw-p 00015000 08:06 4330256                    /usr/lib/jvm/java-8-oracle/lib/amd64/jli/libjli.so
7f96aba85000-7f96aba9d000 r-xp 00000000 08:06 9179765                    /lib/x86_64-linux-gnu/libpthread-2.23.so
7f96aba9d000-7f96abc9c000 ---p 00018000 08:06 9179765                    /lib/x86_64-linux-gnu/libpthread-2.23.so
7f96abc9c000-7f96abc9d000 r--p 00017000 08:06 9179765                    /lib/x86_64-linux-gnu/libpthread-2.23.so
7f96abc9d000-7f96abc9e000 rw-p 00018000 08:06 9179765                    /lib/x86_64-linux-gnu/libpthread-2.23.so
7f96abc9e000-7f96abca2000 rw-p 00000000 00:00 0 
7f96abca2000-7f96abcc8000 r-xp 00000000 08:06 9179591                    /lib/x86_64-linux-gnu/ld-2.23.so
7f96abcca000-7f96abda3000 rw-p 00000000 00:00 0 
7f96abda3000-7f96abda6000 ---p 00000000 00:00 0 
7f96abda6000-7f96abea8000 rw-p 00000000 00:00 0 
7f96abeac000-7f96abebb000 r--s 000df000 08:06 4459632                    /home/samhv/Android/Sdk/build-tools/23.0.2/lib/dx.jar
7f96abebb000-7f96abec3000 rw-s 00000000 08:06 5379003                    /tmp/hsperfdata_samhv/15311
7f96abec3000-7f96abec4000 rw-p 00000000 00:00 0 
7f96abec4000-7f96abec5000 r--p 00000000 00:00 0 
7f96abec5000-7f96abec7000 rw-p 00000000 00:00 0 
7f96abec7000-7f96abec8000 r--p 00025000 08:06 9179591                    /lib/x86_64-linux-gnu/ld-2.23.so
7f96abec8000-7f96abec9000 rw-p 00026000 08:06 9179591                    /lib/x86_64-linux-gnu/ld-2.23.so
7f96abec9000-7f96abeca000 rw-p 00000000 00:00 0 
7ffe6f8e1000-7ffe6f902000 rw-p 00000000 00:00 0                          [stack]
7ffe6f9bb000-7ffe6f9bd000 r--p 00000000 00:00 0                          [vvar]
7ffe6f9bd000-7ffe6f9bf000 r-xp 00000000 00:00 0                          [vdso]
ffffffffff600000-ffffffffff601000 r-xp 00000000 00:00 0                  [vsyscall]

VM Arguments:
jvm_args: -Djava.awt.headless=true -Xmx1024M -Dfile.encoding=UTF-8 -Duser.country=US -Duser.language=en -Duser.variant 
java_command: com.android.dx.command.Main --dex --force-jumbo --num-threads=4 --multi-dex --output /home/samhv/workspace/r4r_android/app/build/intermediates/transforms/dex/debug/folders/1000/5/slice_0 /home/samhv/workspace/r4r_android/app/build/intermediates/transforms/instantRunSlicer/debug/folders/1/5/slice_0
java_class_path (initial): /home/samhv/Android/Sdk/build-tools/23.0.2/lib/dx.jar
Launcher Type: SUN_STANDARD

Environment Variables:
PATH=/usr/local/sbin:/usr/local/bin:/usr/sbin:/usr/bin:/sbin:/bin:/usr/games:/usr/local/games:/snap/bin
SHELL=/usr/bin/fish
DISPLAY=:0

Signal Handlers:
SIGSEGV: [libjvm.so+0xabdee0], sa_mask[0]=11111111011111111101111111111110, sa_flags=SA_RESTART|SA_SIGINFO
SIGBUS: [libjvm.so+0xabdee0], sa_mask[0]=11111111011111111101111111111110, sa_flags=SA_RESTART|SA_SIGINFO
SIGFPE: [libjvm.so+0x91a580], sa_mask[0]=11111111011111111101111111111110, sa_flags=SA_RESTART|SA_SIGINFO
SIGPIPE: [libjvm.so+0x91a580], sa_mask[0]=11111111011111111101111111111110, sa_flags=SA_RESTART|SA_SIGINFO
SIGXFSZ: [libjvm.so+0x91a580], sa_mask[0]=11111111011111111101111111111110, sa_flags=SA_RESTART|SA_SIGINFO
SIGILL: [libjvm.so+0x91a580], sa_mask[0]=11111111011111111101111111111110, sa_flags=SA_RESTART|SA_SIGINFO
SIGUSR1: SIG_DFL, sa_mask[0]=00000000000000000000000000000000, sa_flags=none
SIGUSR2: [libjvm.so+0x91bbb0], sa_mask[0]=00100000000000000000000000000000, sa_flags=SA_RESTART|SA_SIGINFO
SIGHUP: [libjvm.so+0x91cfb0], sa_mask[0]=11111111011111111101111111111110, sa_flags=SA_RESTART|SA_SIGINFO
SIGINT: [libjvm.so+0x91cfb0], sa_mask[0]=11111111011111111101111111111110, sa_flags=SA_RESTART|SA_SIGINFO
SIGTERM: [libjvm.so+0x91cfb0], sa_mask[0]=11111111011111111101111111111110, sa_flags=SA_RESTART|SA_SIGINFO
SIGQUIT: [libjvm.so+0x91cfb0], sa_mask[0]=11111111011111111101111111111110, sa_flags=SA_RESTART|SA_SIGINFO


---------------  S Y S T E M  ---------------

OS:DISTRIB_ID=Ubuntu
DISTRIB_RELEASE=16.04
DISTRIB_CODENAME=xenial
DISTRIB_DESCRIPTION="Ubuntu 16.04 LTS"

uname:Linux 4.4.0-22-generic #40-Ubuntu SMP Thu May 12 22:03:46 UTC 2016 x86_64
libc:glibc 2.23 NPTL 2.23 
rlimit: STACK 8192k, CORE 0k, NPROC 30692, NOFILE 65536, AS infinity
load average:3,15 3,40 3,47

/proc/meminfo:
MemTotal:        8134336 kB
MemFree:          384480 kB
MemAvailable:     636156 kB
Buffers:           21100 kB
Cached:           355844 kB
SwapCached:        44556 kB
Active:          5954400 kB
Inactive:        1350304 kB
Active(anon):    5789296 kB
Inactive(anon):  1266904 kB
Active(file):     165104 kB
Inactive(file):    83400 kB
Unevictable:         116 kB
Mlocked:             116 kB
SwapTotal:       3965948 kB
SwapFree:        2329812 kB
Dirty:             50708 kB
Writeback:             4 kB
AnonPages:       6906412 kB
Mapped:           410828 kB
Shmem:            128440 kB
Slab:             108540 kB
SReclaimable:      45640 kB
SUnreclaim:        62900 kB
KernelStack:       17680 kB
PageTables:        70672 kB
NFS_Unstable:          0 kB
Bounce:                0 kB
WritebackTmp:          0 kB
CommitLimit:     8033116 kB
Committed_AS:   15784524 kB
VmallocTotal:   34359738367 kB
VmallocUsed:           0 kB
VmallocChunk:          0 kB
HardwareCorrupted:     0 kB
AnonHugePages:   3276800 kB
CmaTotal:              0 kB
CmaFree:               0 kB
HugePages_Total:       0
HugePages_Free:        0
HugePages_Rsvd:        0
HugePages_Surp:        0
Hugepagesize:       2048 kB
DirectMap4k:      526908 kB
DirectMap2M:     7821312 kB


CPU:total 8 (4 cores per cpu, 2 threads per core) family 6 model 58 stepping 9, cmov, cx8, fxsr, mmx, sse, sse2, sse3, ssse3, sse4.1, sse4.2, popcnt, avx, aes, clmul, erms, ht, tsc, tscinvbit, tscinv

/proc/cpuinfo:
processor	: 0
vendor_id	: GenuineIntel
cpu family	: 6
model		: 58
model name	: Intel(R) Core(TM) i7-3770K CPU @ 3.50GHz
stepping	: 9
microcode	: 0x1c
cpu MHz		: 4499.960
cache size	: 8192 KB
physical id	: 0
siblings	: 8
core id		: 0
cpu cores	: 4
apicid		: 0
initial apicid	: 0
fpu		: yes
fpu_exception	: yes
cpuid level	: 13
wp		: yes
flags		: fpu vme de pse tsc msr pae mce cx8 apic sep mtrr pge mca cmov pat pse36 clflush dts acpi mmx fxsr sse sse2 ss ht tm pbe syscall nx rdtscp lm constant_tsc arch_perfmon pebs bts rep_good nopl xtopology nonstop_tsc aperfmperf eagerfpu pni pclmulqdq dtes64 monitor ds_cpl vmx est tm2 ssse3 cx16 xtpr pdcm pcid sse4_1 sse4_2 popcnt tsc_deadline_timer aes xsave avx f16c rdrand lahf_lm epb tpr_shadow vnmi flexpriority ept vpid fsgsbase smep erms xsaveopt dtherm ida arat pln pts
bugs		:
bogomips	: 7006.17
clflush size	: 64
cache_alignment	: 64
address sizes	: 36 bits physical, 48 bits virtual
power management:

processor	: 1
vendor_id	: GenuineIntel
cpu family	: 6
model		: 58
model name	: Intel(R) Core(TM) i7-3770K CPU @ 3.50GHz
stepping	: 9
microcode	: 0x1c
cpu MHz		: 4499.960
cache size	: 8192 KB
physical id	: 0
siblings	: 8
core id		: 1
cpu cores	: 4
apicid		: 2
initial apicid	: 2
fpu		: yes
fpu_exception	: yes
cpuid level	: 13
wp		: yes
flags		: fpu vme de pse tsc msr pae mce cx8 apic sep mtrr pge mca cmov pat pse36 clflush dts acpi mmx fxsr sse sse2 ss ht tm pbe syscall nx rdtscp lm constant_tsc arch_perfmon pebs bts rep_good nopl xtopology nonstop_tsc aperfmperf eagerfpu pni pclmulqdq dtes64 monitor ds_cpl vmx est tm2 ssse3 cx16 xtpr pdcm pcid sse4_1 sse4_2 popcnt tsc_deadline_timer aes xsave avx f16c rdrand lahf_lm epb tpr_shadow vnmi flexpriority ept vpid fsgsbase smep erms xsaveopt dtherm ida arat pln pts
bugs		:
bogomips	: 7006.17
clflush size	: 64
cache_alignment	: 64
address sizes	: 36 bits physical, 48 bits virtual
power management:

processor	: 2
vendor_id	: GenuineIntel
cpu family	: 6
model		: 58
model name	: Intel(R) Core(TM) i7-3770K CPU @ 3.50GHz
stepping	: 9
microcode	: 0x1c
cpu MHz		: 4499.960
cache size	: 8192 KB
physical id	: 0
siblings	: 8
core id		: 2
cpu cores	: 4
apicid		: 4
initial apicid	: 4
fpu		: yes
fpu_exception	: yes
cpuid level	: 13
wp		: yes
flags		: fpu vme de pse tsc msr pae mce cx8 apic sep mtrr pge mca cmov pat pse36 clflush dts acpi mmx fxsr sse sse2 ss ht tm pbe syscall nx rdtscp lm constant_tsc arch_perfmon pebs bts rep_good nopl xtopology nonstop_tsc aperfmperf eagerfpu pni pclmulqdq dtes64 monitor ds_cpl vmx est tm2 ssse3 cx16 xtpr pdcm pcid sse4_1 sse4_2 popcnt tsc_deadline_timer aes xsave avx f16c rdrand lahf_lm epb tpr_shadow vnmi flexpriority ept vpid fsgsbase smep erms xsaveopt dtherm ida arat pln pts
bugs		:
bogomips	: 7006.17
clflush size	: 64
cache_alignment	: 64
address sizes	: 36 bits physical, 48 bits virtual
power management:

processor	: 3
vendor_id	: GenuineIntel
cpu family	: 6
model		: 58
model name	: Intel(R) Core(TM) i7-3770K CPU @ 3.50GHz
stepping	: 9
microcode	: 0x1c
cpu MHz		: 4499.960
cache size	: 8192 KB
physical id	: 0
siblings	: 8
core id		: 3
cpu cores	: 4
apicid		: 6
initial apicid	: 6
fpu		: yes
fpu_exception	: yes
cpuid level	: 13
wp		: yes
flags		: fpu vme de pse tsc msr pae mce cx8 apic sep mtrr pge mca cmov pat pse36 clflush dts acpi mmx fxsr sse sse2 ss ht tm pbe syscall nx rdtscp lm constant_tsc arch_perfmon pebs bts rep_good nopl xtopology nonstop_tsc aperfmperf eagerfpu pni pclmulqdq dtes64 monitor ds_cpl vmx est tm2 ssse3 cx16 xtpr pdcm pcid sse4_1 sse4_2 popcnt tsc_deadline_timer aes xsave avx f16c rdrand lahf_lm epb tpr_shadow vnmi flexpriority ept vpid fsgsbase smep erms xsaveopt dtherm ida arat pln pts
bugs		:
bogomips	: 7006.17
clflush size	: 64
cache_alignment	: 64
address sizes	: 36 bits physical, 48 bits virtual
power management:

processor	: 4
vendor_id	: GenuineIntel
cpu family	: 6
model		: 58
model name	: Intel(R) Core(TM) i7-3770K CPU @ 3.50GHz
stepping	: 9
microcode	: 0x1c
cpu MHz		: 4499.960
cache size	: 8192 KB
physical id	: 0
siblings	: 8
core id		: 0
cpu cores	: 4
apicid		: 1
initial apicid	: 1
fpu		: yes
fpu_exception	: yes
cpuid level	: 13
wp		: yes
flags		: fpu vme de pse tsc msr pae mce cx8 apic sep mtrr pge mca cmov pat pse36 clflush dts acpi mmx fxsr sse sse2 ss ht tm pbe syscall nx rdtscp lm constant_tsc arch_perfmon pebs bts rep_good nopl xtopology nonstop_tsc aperfmperf eagerfpu pni pclmulqdq dtes64 monitor ds_cpl vmx est tm2 ssse3 cx16 xtpr pdcm pcid sse4_1 sse4_2 popcnt tsc_deadline_timer aes xsave avx f16c rdrand lahf_lm epb tpr_shadow vnmi flexpriority ept vpid fsgsbase smep erms xsaveopt dtherm ida arat pln pts
bugs		:
bogomips	: 7006.17
clflush size	: 64
cache_alignment	: 64
address sizes	: 36 bits physical, 48 bits virtual
power management:

processor	: 5
vendor_id	: GenuineIntel
cpu family	: 6
model		: 58
model name	: Intel(R) Core(TM) i7-3770K CPU @ 3.50GHz
stepping	: 9
microcode	: 0x1c
cpu MHz		: 4499.960
cache size	: 8192 KB
physical id	: 0
siblings	: 8
core id		: 1
cpu cores	: 4
apicid		: 3
initial apicid	: 3
fpu		: yes
fpu_exception	: yes
cpuid level	: 13
wp		: yes
flags		: fpu vme de pse tsc msr pae mce cx8 apic sep mtrr pge mca cmov pat pse36 clflush dts acpi mmx fxsr sse sse2 ss ht tm pbe syscall nx rdtscp lm constant_tsc arch_perfmon pebs bts rep_good nopl xtopology nonstop_tsc aperfmperf eagerfpu pni pclmulqdq dtes64 monitor ds_cpl vmx est tm2 ssse3 cx16 xtpr pdcm pcid sse4_1 sse4_2 popcnt tsc_deadline_timer aes xsave avx f16c rdrand lahf_lm epb tpr_shadow vnmi flexpriority ept vpid fsgsbase smep erms xsaveopt dtherm ida arat pln pts
bugs		:
bogomips	: 7006.17
clflush size	: 64
cache_alignment	: 64
address sizes	: 36 bits physical, 48 bits virtual
power management:

processor	: 6
vendor_id	: GenuineIntel
cpu family	: 6
model		: 58
model name	: Intel(R) Core(TM) i7-3770K CPU @ 3.50GHz
stepping	: 9
microcode	: 0x1c
cpu MHz		: 4499.960
cache size	: 8192 KB
physical id	: 0
siblings	: 8
core id		: 2
cpu cores	: 4
apicid		: 5
initial apicid	: 5
fpu		: yes
fpu_exception	: yes
cpuid level	: 13
wp		: yes
flags		: fpu vme de pse tsc msr pae mce cx8 apic sep mtrr pge mca cmov pat pse36 clflush dts acpi mmx fxsr sse sse2 ss ht tm pbe syscall nx rdtscp lm constant_tsc arch_perfmon pebs bts rep_good nopl xtopology nonstop_tsc aperfmperf eagerfpu pni pclmulqdq dtes64 monitor ds_cpl vmx est tm2 ssse3 cx16 xtpr pdcm pcid sse4_1 sse4_2 popcnt tsc_deadline_timer aes xsave avx f16c rdrand lahf_lm epb tpr_shadow vnmi flexpriority ept vpid fsgsbase smep erms xsaveopt dtherm ida arat pln pts
bugs		:
bogomips	: 7006.17
clflush size	: 64
cache_alignment	: 64
address sizes	: 36 bits physical, 48 bits virtual
power management:

processor	: 7
vendor_id	: GenuineIntel
cpu family	: 6
model		: 58
model name	: Intel(R) Core(TM) i7-3770K CPU @ 3.50GHz
stepping	: 9
microcode	: 0x1c
cpu MHz		: 4499.960
cache size	: 8192 KB
physical id	: 0
siblings	: 8
core id		: 3
cpu cores	: 4
apicid		: 7
initial apicid	: 7
fpu		: yes
fpu_exception	: yes
cpuid level	: 13
wp		: yes
flags		: fpu vme de pse tsc msr pae mce cx8 apic sep mtrr pge mca cmov pat pse36 clflush dts acpi mmx fxsr sse sse2 ss ht tm pbe syscall nx rdtscp lm constant_tsc arch_perfmon pebs bts rep_good nopl xtopology nonstop_tsc aperfmperf eagerfpu pni pclmulqdq dtes64 monitor ds_cpl vmx est tm2 ssse3 cx16 xtpr pdcm pcid sse4_1 sse4_2 popcnt tsc_deadline_timer aes xsave avx f16c rdrand lahf_lm epb tpr_shadow vnmi flexpriority ept vpid fsgsbase smep erms xsaveopt dtherm ida arat pln pts
bugs		:
bogomips	: 7006.17
clflush size	: 64
cache_alignment	: 64
address sizes	: 36 bits physical, 48 bits virtual
power management:



Memory: 4k page, physical 8134336k(384480k free), swap 3965948k(2329812k free)

vm_info: Java HotSpot(TM) 64-Bit Server VM (25.92-b14) for linux-amd64 JRE (1.8.0_92-b14), built on Mar 31 2016 21:08:29 by "java_re" with gcc 4.3.0 20080428 (Red Hat 4.3.0-8)

time: Fri May 20 23:41:22 2016
elapsed time: 1 seconds (0d 0h 0m 1s)

