#
# A fatal error has been detected by the Java Runtime Environment:
#
#  SIGSEGV (0xb) at pc=0x00007f5e0d809f3e, pid=10995, tid=0x00007f5de65b3700
#
# JRE version: Java(TM) SE Runtime Environment (8.0_92-b14) (build 1.8.0_92-b14)
# Java VM: Java HotSpot(TM) 64-Bit Server VM (25.92-b14 mixed mode linux-amd64 compressed oops)
# Problematic frame:
# V  [libjvm.so+0x633f3e]  PhaseIFG::remove_node(unsigned int)+0xfe
#
# Failed to write core dump. Core dumps have been disabled. To enable core dumping, try "ulimit -c unlimited" before starting Java again
#
# If you would like to submit a bug report, please visit:
#   http://bugreport.java.com/bugreport/crash.jsp
#

---------------  T H R E A D  ---------------

Current thread (0x00007f5e080c4800):  JavaThread "C2 CompilerThread1" daemon [_thread_in_native, id=11019, stack(0x00007f5de64b3000,0x00007f5de65b4000)]

siginfo: si_signo: 11 (SIGSEGV), si_code: 1 (SEGV_MAPERR), si_addr: 0x000000000000098a

Registers:
RAX=0x0000000000000000, RBX=0x0000000000000002, RCX=0x0000000000000983, RDX=0x0000000000f80039
RSP=0x00007f5de65af380, RBP=0x00007f5de65af420, RSI=0x0000000000000982, RDI=0x0000000000000013
R8 =0x0000000000000000, R9 =0x0000000000000000, R10=0x0000000000000000, R11=0x0000000000000000
R12=0x00007f5db4af6040, R13=0x0000000000000010, R14=0x00007f5de65af640, R15=0x00000000ffffffef
RIP=0x00007f5e0d809f3e, EFLAGS=0x0000000000010202, CSGSFS=0x0000000000000033, ERR=0x0000000000000004
  TRAPNO=0x000000000000000e

Top of Stack: (sp=0x00007f5de65af380)
0x00007f5de65af380:   00007f5de65af3b0 000000000007aa80
0x00007f5de65af390:   0000000000000062 00007f5d0000000c
0x00007f5de65af3a0:   000000000000133c 0000000000000060
0x00007f5de65af3b0:   0000098201f00073 00007f5e00000005
0x00007f5de65af3c0:   00007f5dac44b3a0 00007f5d0000000a
0x00007f5de65af3d0:   00007f5da81fd9d0 00007f5d00000014
0x00007f5de65af3e0:   00007f5db4a5cf60 00007f5db4a98a60
0x00007f5de65af3f0:   00007f5db4a98b00 00007f5de65af430
0x00007f5de65af400:   00007f5de65b0d80 00000000000000a0
0x00007f5de65af410:   00007f5de65b0e68 0000000000000001
0x00007f5de65af420:   00007f5de65af4d0 00007f5e0d5e0427
0x00007f5de65af430:   00000c4900000000 00007f5e00000008
0x00007f5de65af440:   00007f5dac44b3e0 00007f5d00000014
0x00007f5de65af450:   00007f5da81fda70 00007f5d00000014
0x00007f5de65af460:   00007f5db4a5d000 00007f5da8e179f8
0x00007f5de65af470:   00007f5de65af4b0 00007f5e0d64d3ca
0x00007f5de65af480:   00007f5dac6f9520 0000000000000392
0x00007f5de65af490:   00007f5de65af520 0000000000000040
0x00007f5de65af4a0:   0000000400000006 00007f5db4b25a60
0x00007f5de65af4b0:   0000000000001398 00007f5de65b0d80
0x00007f5de65af4c0:   0000000000001399 00000000000000a0
0x00007f5de65af4d0:   00007f5de65af740 00007f5e0d5e43bb
0x00007f5de65af4e0:   00007f5db0771940 00007f5de65af680
0x00007f5de65af4f0:   00007f5de65af640 00007f5de65af520
0x00007f5de65af500:   00007f5de65af5e0 00007f5de65af6b0
0x00007f5de65af510:   00007f5de65b0d80 0000000800000392
0x00007f5de65af520:   00007f5e0e11fc30 00007f5e0000000d
0x00007f5de65af530:   00007f5de65b1c10 00007f5de65b0d80
0x00007f5de65af540:   00007f5d0000000c 00007f5db060d2e0
0x00007f5de65af550:   00007f5de65af5c0 00007f5da8e17a08
0x00007f5de65af560:   00007f5de65af630 00007f5e08007570
0x00007f5de65af570:   00007f5de65af630 00007f5e0dc43dd6 

Instructions: (pc=0x00007f5e0d809f3e)
0x00007f5e0d809f1e:   48 89 d7 83 e7 1f 74 f2 48 8b 05 cb 00 93 00 0f
0x00007f5e0d809f2e:   b6 0c 38 48 8b 05 f8 21 93 00 0f b6 04 38 d3 ea
0x00007f5e0d809f3e:   01 f1 89 55 90 89 4d 94 01 f0 85 c0 74 78 89 c7
0x00007f5e0d809f4e:   48 8b 4d 88 48 8d 34 bf 48 c1 e6 05 49 03 76 10 

Register to memory mapping:

RAX=0x0000000000000000 is an unknown value
RBX=0x0000000000000002 is an unknown value
RCX=0x0000000000000983 is an unknown value
RDX=0x0000000000f80039 is an unknown value
RSP=0x00007f5de65af380 is pointing into the stack for thread: 0x00007f5e080c4800
RBP=0x00007f5de65af420 is pointing into the stack for thread: 0x00007f5e080c4800
RSI=0x0000000000000982 is an unknown value
RDI=0x0000000000000013 is an unknown value
R8 =0x0000000000000000 is an unknown value
R9 =0x0000000000000000 is an unknown value
R10=0x0000000000000000 is an unknown value
R11=0x0000000000000000 is an unknown value
R12=0x00007f5db4af6040 is an unknown value
R13=0x0000000000000010 is an unknown value
R14=0x00007f5de65af640 is pointing into the stack for thread: 0x00007f5e080c4800
R15=0x00000000ffffffef is an unallocated location in the heap


Stack: [0x00007f5de64b3000,0x00007f5de65b4000],  sp=0x00007f5de65af380,  free space=1008k
Native frames: (J=compiled Java code, j=interpreted, Vv=VM code, C=native code)
V  [libjvm.so+0x633f3e]  PhaseIFG::remove_node(unsigned int)+0xfe
V  [libjvm.so+0x40a427]  PhaseChaitin::Simplify()+0x97
V  [libjvm.so+0x40e3bb]  PhaseChaitin::Register_Allocate()+0xadb
V  [libjvm.so+0x4a0f30]  Compile::Code_Gen()+0x260
V  [libjvm.so+0x4a44e1]  Compile::Compile(ciEnv*, C2Compiler*, ciMethod*, int, bool, bool, bool)+0x14b1
V  [libjvm.so+0x3f1b38]  C2Compiler::compile_method(ciEnv*, ciMethod*, int)+0x198
V  [libjvm.so+0x4aea9a]  CompileBroker::invoke_compiler_on_method(CompileTask*)+0xc9a
V  [libjvm.so+0x4afa46]  CompileBroker::compiler_thread_loop()+0x5d6
V  [libjvm.so+0xa6cc5f]  JavaThread::thread_main_inner()+0xdf
V  [libjvm.so+0xa6cd8c]  JavaThread::run()+0x11c
V  [libjvm.so+0x91fad8]  java_start(Thread*)+0x108
C  [libpthread.so.0+0x76fa]  start_thread+0xca


Current CompileTask:
C2:   2752 1204       4       com.android.dx.ssa.SCCP::simulateBranch (666 bytes)


---------------  P R O C E S S  ---------------

Java Threads: ( => current thread )
  0x00007f5e0815c000 JavaThread "pool-2-thread-4" [_thread_in_Java, id=11042, stack(0x00007f5de5baa000,0x00007f5de5cab000)]
  0x00007f5e0815a800 JavaThread "pool-2-thread-3" [_thread_in_vm, id=11041, stack(0x00007f5de5cab000,0x00007f5de5dac000)]
  0x00007f5e08159000 JavaThread "pool-2-thread-2" [_thread_in_Java, id=11040, stack(0x00007f5de5dac000,0x00007f5de5ead000)]
  0x00007f5e0814d800 JavaThread "pool-3-thread-1" [_thread_blocked, id=11038, stack(0x00007f5de5ead000,0x00007f5de5fae000)]
  0x00007f5e0814b000 JavaThread "pool-2-thread-1" [_thread_in_Java, id=11037, stack(0x00007f5de5fae000,0x00007f5de60af000)]
  0x00007f5e080cb000 JavaThread "Service Thread" daemon [_thread_blocked, id=11022, stack(0x00007f5de61b0000,0x00007f5de62b1000)]
  0x00007f5e080c8000 JavaThread "C1 CompilerThread3" daemon [_thread_in_native, id=11021, stack(0x00007f5de62b1000,0x00007f5de63b2000)]
  0x00007f5e080c6000 JavaThread "C2 CompilerThread2" daemon [_thread_in_native, id=11020, stack(0x00007f5de63b2000,0x00007f5de64b3000)]
=>0x00007f5e080c4800 JavaThread "C2 CompilerThread1" daemon [_thread_in_native, id=11019, stack(0x00007f5de64b3000,0x00007f5de65b4000)]
  0x00007f5e080c1800 JavaThread "C2 CompilerThread0" daemon [_thread_in_native, id=11018, stack(0x00007f5de65b4000,0x00007f5de66b5000)]
  0x00007f5e080c0000 JavaThread "Signal Dispatcher" daemon [_thread_blocked, id=11017, stack(0x00007f5de66b5000,0x00007f5de67b6000)]
  0x00007f5e0808c800 JavaThread "Finalizer" daemon [_thread_blocked, id=11016, stack(0x00007f5de72f3000,0x00007f5de73f4000)]
  0x00007f5e08087800 JavaThread "Reference Handler" daemon [_thread_blocked, id=11015, stack(0x00007f5de73f4000,0x00007f5de74f5000)]
  0x00007f5e0800a000 JavaThread "main" [_thread_in_Java, id=10998, stack(0x00007f5e0ecbd000,0x00007f5e0edbe000)]

Other Threads:
  0x00007f5e08080000 VMThread [stack: 0x00007f5de74f5000,0x00007f5de75f6000] [id=11014]
  0x00007f5e080ce000 WatcherThread [stack: 0x00007f5de60af000,0x00007f5de61b0000] [id=11023]

VM state:not at safepoint (normal execution)

VM Mutex/Monitor currently owned by a thread: None

Heap:
 PSYoungGen      total 136192K, used 77130K [0x00000000eab00000, 0x00000000f3500000, 0x0000000100000000)
  eden space 131072K, 54% used [0x00000000eab00000,0x00000000ef156ca0,0x00000000f2b00000)
  from space 5120K, 99% used [0x00000000f3000000,0x00000000f34fbd80,0x00000000f3500000)
  to   space 5120K, 0% used [0x00000000f2b00000,0x00000000f2b00000,0x00000000f3000000)
 ParOldGen       total 86016K, used 23316K [0x00000000c0000000, 0x00000000c5400000, 0x00000000eab00000)
  object space 86016K, 27% used [0x00000000c0000000,0x00000000c16c53f0,0x00000000c5400000)
 Metaspace       used 6330K, capacity 7192K, committed 7424K, reserved 1056768K
  class space    used 614K, capacity 656K, committed 768K, reserved 1048576K

Card table byte_map: [0x00007f5df8824000,0x00007f5df8a25000] byte_map_base: 0x00007f5df8224000

Marking Bits: (ParMarkBitMap*) 0x00007f5e0e18f4c0
 Begin Bits: [0x00007f5df5ec6000, 0x00007f5df6ec6000)
 End Bits:   [0x00007f5df6ec6000, 0x00007f5df7ec6000)

Polling page: 0x00007f5e0edde000

CodeCache: size=245760Kb used=5893Kb max_used=5893Kb free=239866Kb
 bounds [0x00007f5df8de5000, 0x00007f5df93b5000, 0x00007f5e07de5000]
 total_blobs=1993 nmethods=1724 adapters=182
 compilation: enabled

Compilation events (10 events):
Event: 2,722 Thread 0x00007f5e080c8000 1882 %     3       java.lang.String::lastIndexOf @ 62 (151 bytes)
Event: 2,723 Thread 0x00007f5e080c8000 nmethod 1882% 0x00007f5df939b310 code [0x00007f5df939b4c0, 0x00007f5df939bad0]
Event: 2,723 Thread 0x00007f5e080c8000 1886       2       com.android.dx.rop.cst.CstString::stringToUtf8Bytes (175 bytes)
Event: 2,723 Thread 0x00007f5e080c8000 nmethod 1886 0x00007f5df939bfd0 code [0x00007f5df939c180, 0x00007f5df939c6b8]
Event: 2,723 Thread 0x00007f5e080c8000 1884   !   2       com.android.dx.cf.direct.MemberListParser::parse (641 bytes)
Event: 2,727 Thread 0x00007f5e080c8000 nmethod 1884 0x00007f5df939ca50 code [0x00007f5df939d1a0, 0x00007f5df939fcf8]
Event: 2,728 Thread 0x00007f5e080c8000 1883       2       com.android.dx.rop.annotation.Annotations::addAll (59 bytes)
Event: 2,730 Thread 0x00007f5e080c8000 nmethod 1883 0x00007f5df93a5890 code [0x00007f5df93a5a60, 0x00007f5df93a5ef8]
Event: 2,730 Thread 0x00007f5e080c8000 1881       1       com.android.dx.ssa.PhiInsn::isPhiOrMove (2 bytes)
Event: 2,730 Thread 0x00007f5e080c8000 nmethod 1881 0x00007f5df93a6210 code [0x00007f5df93a6360, 0x00007f5df93a6470]

GC Heap History (8 events):
Event: 0,836 GC heap before
{Heap before GC invocations=1 (full 0):
 PSYoungGen      total 37888K, used 32768K [0x00000000eab00000, 0x00000000ed500000, 0x0000000100000000)
  eden space 32768K, 100% used [0x00000000eab00000,0x00000000ecb00000,0x00000000ecb00000)
  from space 5120K, 0% used [0x00000000ed000000,0x00000000ed000000,0x00000000ed500000)
  to   space 5120K, 0% used [0x00000000ecb00000,0x00000000ecb00000,0x00000000ed000000)
 ParOldGen       total 86016K, used 0K [0x00000000c0000000, 0x00000000c5400000, 0x00000000eab00000)
  object space 86016K, 0% used [0x00000000c0000000,0x00000000c0000000,0x00000000c5400000)
 Metaspace       used 5828K, capacity 6832K, committed 7040K, reserved 1056768K
  class space    used 593K, capacity 616K, committed 640K, reserved 1048576K
Event: 0,891 GC heap after
Heap after GC invocations=1 (full 0):
 PSYoungGen      total 37888K, used 5110K [0x00000000eab00000, 0x00000000ef500000, 0x0000000100000000)
  eden space 32768K, 0% used [0x00000000eab00000,0x00000000eab00000,0x00000000ecb00000)
  from space 5120K, 99% used [0x00000000ecb00000,0x00000000ecffd948,0x00000000ed000000)
  to   space 5120K, 0% used [0x00000000ef000000,0x00000000ef000000,0x00000000ef500000)
 ParOldGen       total 86016K, used 1221K [0x00000000c0000000, 0x00000000c5400000, 0x00000000eab00000)
  object space 86016K, 1% used [0x00000000c0000000,0x00000000c01315e0,0x00000000c5400000)
 Metaspace       used 5828K, capacity 6832K, committed 7040K, reserved 1056768K
  class space    used 593K, capacity 616K, committed 640K, reserved 1048576K
}
Event: 1,305 GC heap before
{Heap before GC invocations=2 (full 0):
 PSYoungGen      total 37888K, used 37878K [0x00000000eab00000, 0x00000000ef500000, 0x0000000100000000)
  eden space 32768K, 100% used [0x00000000eab00000,0x00000000ecb00000,0x00000000ecb00000)
  from space 5120K, 99% used [0x00000000ecb00000,0x00000000ecffd948,0x00000000ed000000)
  to   space 5120K, 0% used [0x00000000ef000000,0x00000000ef000000,0x00000000ef500000)
 ParOldGen       total 86016K, used 1221K [0x00000000c0000000, 0x00000000c5400000, 0x00000000eab00000)
  object space 86016K, 1% used [0x00000000c0000000,0x00000000c01315e0,0x00000000c5400000)
 Metaspace       used 5974K, capacity 6960K, committed 7040K, reserved 1056768K
  class space    used 594K, capacity 616K, committed 640K, reserved 1048576K
Event: 1,365 GC heap after
Heap after GC invocations=2 (full 0):
 PSYoungGen      total 70656K, used 5091K [0x00000000eab00000, 0x00000000ef500000, 0x0000000100000000)
  eden space 65536K, 0% used [0x00000000eab00000,0x00000000eab00000,0x00000000eeb00000)
  from space 5120K, 99% used [0x00000000ef000000,0x00000000ef4f8d70,0x00000000ef500000)
  to   space 5120K, 0% used [0x00000000eeb00000,0x00000000eeb00000,0x00000000ef000000)
 ParOldGen       total 86016K, used 5229K [0x00000000c0000000, 0x00000000c5400000, 0x00000000eab00000)
  object space 86016K, 6% used [0x00000000c0000000,0x00000000c051b5f0,0x00000000c5400000)
 Metaspace       used 5974K, capacity 6960K, committed 7040K, reserved 1056768K
  class space    used 594K, capacity 616K, committed 640K, reserved 1048576K
}
Event: 1,928 GC heap before
{Heap before GC invocations=3 (full 0):
 PSYoungGen      total 70656K, used 70627K [0x00000000eab00000, 0x00000000ef500000, 0x0000000100000000)
  eden space 65536K, 100% used [0x00000000eab00000,0x00000000eeb00000,0x00000000eeb00000)
  from space 5120K, 99% used [0x00000000ef000000,0x00000000ef4f8d70,0x00000000ef500000)
  to   space 5120K, 0% used [0x00000000eeb00000,0x00000000eeb00000,0x00000000ef000000)
 ParOldGen       total 86016K, used 5229K [0x00000000c0000000, 0x00000000c5400000, 0x00000000eab00000)
  object space 86016K, 6% used [0x00000000c0000000,0x00000000c051b5f0,0x00000000c5400000)
 Metaspace       used 6133K, capacity 7064K, committed 7424K, reserved 1056768K
  class space    used 614K, capacity 656K, committed 768K, reserved 1048576K
Event: 2,008 GC heap after
Heap after GC invocations=3 (full 0):
 PSYoungGen      total 70656K, used 5108K [0x00000000eab00000, 0x00000000f3500000, 0x0000000100000000)
  eden space 65536K, 0% used [0x00000000eab00000,0x00000000eab00000,0x00000000eeb00000)
  from space 5120K, 99% used [0x00000000eeb00000,0x00000000eeffd3d0,0x00000000ef000000)
  to   space 5120K, 0% used [0x00000000f3000000,0x00000000f3000000,0x00000000f3500000)
 ParOldGen       total 86016K, used 14886K [0x00000000c0000000, 0x00000000c5400000, 0x00000000eab00000)
  object space 86016K, 17% used [0x00000000c0000000,0x00000000c0e89ad0,0x00000000c5400000)
 Metaspace       used 6133K, capacity 7064K, committed 7424K, reserved 1056768K
  class space    used 614K, capacity 656K, committed 768K, reserved 1048576K
}
Event: 2,458 GC heap before
{Heap before GC invocations=4 (full 0):
 PSYoungGen      total 70656K, used 70644K [0x00000000eab00000, 0x00000000f3500000, 0x0000000100000000)
  eden space 65536K, 100% used [0x00000000eab00000,0x00000000eeb00000,0x00000000eeb00000)
  from space 5120K, 99% used [0x00000000eeb00000,0x00000000eeffd3d0,0x00000000ef000000)
  to   space 5120K, 0% used [0x00000000f3000000,0x00000000f3000000,0x00000000f3500000)
 ParOldGen       total 86016K, used 14886K [0x00000000c0000000, 0x00000000c5400000, 0x00000000eab00000)
  object space 86016K, 17% used [0x00000000c0000000,0x00000000c0e89ad0,0x00000000c5400000)
 Metaspace       used 6238K, capacity 7128K, committed 7424K, reserved 1056768K
  class space    used 614K, capacity 656K, committed 768K, reserved 1048576K
Event: 2,501 GC heap after
Heap after GC invocations=4 (full 0):
 PSYoungGen      total 136192K, used 5103K [0x00000000eab00000, 0x00000000f3500000, 0x0000000100000000)
  eden space 131072K, 0% used [0x00000000eab00000,0x00000000eab00000,0x00000000f2b00000)
  from space 5120K, 99% used [0x00000000f3000000,0x00000000f34fbd80,0x00000000f3500000)
  to   space 5120K, 0% used [0x00000000f2b00000,0x00000000f2b00000,0x00000000f3000000)
 ParOldGen       total 86016K, used 23316K [0x00000000c0000000, 0x00000000c5400000, 0x00000000eab00000)
  object space 86016K, 27% used [0x00000000c0000000,0x00000000c16c53f0,0x00000000c5400000)
 Metaspace       used 6238K, capacity 7128K, committed 7424K, reserved 1056768K
  class space    used 614K, capacity 656K, committed 768K, reserved 1048576K
}

Deoptimization events (10 events):
Event: 1,534 Thread 0x00007f5e0815a800 Uncommon trap: reason=bimorphic action=maybe_recompile pc=0x00007f5df91e7000 method=com.android.dx.cf.code.BytecodeArray.parseInstruction(ILcom/android/dx/cf/code/BytecodeArray$Visitor;)I @ 939
Event: 1,534 Thread 0x00007f5e0815a800 Uncommon trap: reason=bimorphic action=maybe_recompile pc=0x00007f5df91e7000 method=com.android.dx.cf.code.BytecodeArray.parseInstruction(ILcom/android/dx/cf/code/BytecodeArray$Visitor;)I @ 939
Event: 1,538 Thread 0x00007f5e0815a800 Uncommon trap: reason=bimorphic action=maybe_recompile pc=0x00007f5df91e7000 method=com.android.dx.cf.code.BytecodeArray.parseInstruction(ILcom/android/dx/cf/code/BytecodeArray$Visitor;)I @ 939
Event: 1,538 Thread 0x00007f5e0815a800 Uncommon trap: reason=bimorphic action=maybe_recompile pc=0x00007f5df91e7000 method=com.android.dx.cf.code.BytecodeArray.parseInstruction(ILcom/android/dx/cf/code/BytecodeArray$Visitor;)I @ 939
Event: 1,547 Thread 0x00007f5e0800a000 Uncommon trap: reason=unstable_if action=reinterpret pc=0x00007f5df90e183c method=com.android.dx.ssa.SsaMethod.updateOneDefinition(Lcom/android/dx/ssa/SsaInsn;Lcom/android/dx/rop/code/RegisterSpec;)V @ 4
Event: 1,629 Thread 0x00007f5e0800a000 Uncommon trap: reason=unstable_if action=reinterpret pc=0x00007f5df90a2ffc method=java.util.HashMap.putVal(ILjava/lang/Object;Ljava/lang/Object;ZZ)Ljava/lang/Object; @ 162
Event: 1,648 Thread 0x00007f5e0800a000 Uncommon trap: reason=unstable_if action=reinterpret pc=0x00007f5df91d7e2c method=java.util.HashMap.getNode(ILjava/lang/Object;)Ljava/util/HashMap$Node; @ 84
Event: 1,654 Thread 0x00007f5e0815a800 Uncommon trap: reason=unstable_if action=reinterpret pc=0x00007f5df9011db4 method=java.util.HashMap.getNode(ILjava/lang/Object;)Ljava/util/HashMap$Node; @ 84
Event: 2,101 Thread 0x00007f5e0815c000 Uncommon trap: reason=unstable_if action=reinterpret pc=0x00007f5df92a046c method=com.android.dx.ssa.SCCP.simulateStmt(Lcom/android/dx/ssa/SsaInsn;)V @ 53
Event: 2,181 Thread 0x00007f5e0800a000 Uncommon trap: reason=unstable_if action=reinterpret pc=0x00007f5df90e29d4 method=java.util.HashMap.putVal(ILjava/lang/Object;Ljava/lang/Object;ZZ)Ljava/lang/Object; @ 109

Internal exceptions (5 events):
Event: 0,045 Thread 0x00007f5e0800a000 Exception <a 'java/lang/NoSuchMethodError': Method sun.misc.Unsafe.defineClass(Ljava/lang/String;[BII)Ljava/lang/Class; name or signature does not match> (0x00000000eab07cc0) thrown at [/HUDSON/workspace/8-2-build-linux-amd64/jdk8u92/6642/hotspot/src/shar
Event: 0,045 Thread 0x00007f5e0800a000 Exception <a 'java/lang/NoSuchMethodError': Method sun.misc.Unsafe.prefetchRead(Ljava/lang/Object;J)V name or signature does not match> (0x00000000eab07fa8) thrown at [/HUDSON/workspace/8-2-build-linux-amd64/jdk8u92/6642/hotspot/src/share/vm/prims/jni.cpp
Event: 1,644 Thread 0x00007f5e0800a000 Exception <a 'java/lang/ArrayIndexOutOfBoundsException': 18> (0x00000000ed123c38) thrown at [/HUDSON/workspace/8-2-build-linux-amd64/jdk8u92/6642/hotspot/src/share/vm/interpreter/interpreterRuntime.cpp, line 366]
Event: 1,645 Thread 0x00007f5e0800a000 Exception <a 'java/lang/ArrayIndexOutOfBoundsException': 145> (0x00000000ed1257b8) thrown at [/HUDSON/workspace/8-2-build-linux-amd64/jdk8u92/6642/hotspot/src/share/vm/interpreter/interpreterRuntime.cpp, line 366]
Event: 1,648 Thread 0x00007f5e0800a000 Exception <a 'java/lang/ArrayIndexOutOfBoundsException': 40> (0x00000000ed126aa0) thrown at [/HUDSON/workspace/8-2-build-linux-amd64/jdk8u92/6642/hotspot/src/share/vm/interpreter/interpreterRuntime.cpp, line 366]

Events (10 events):
Event: 2,717 Thread 0x00007f5e0800a000 DEOPT PACKING pc=0x00007f5df924ae2a sp=0x00007f5e0edbb850
Event: 2,717 Thread 0x00007f5e0800a000 DEOPT UNPACKING pc=0x00007f5df8e2c633 sp=0x00007f5e0edbb5d0 mode 0
Event: 2,719 Thread 0x00007f5e0815a800 DEOPT PACKING pc=0x00007f5df9086d2d sp=0x00007f5de5da9b60
Event: 2,719 Thread 0x00007f5e0815a800 DEOPT UNPACKING pc=0x00007f5df8e2c633 sp=0x00007f5de5da98e8 mode 0
Event: 2,720 Thread 0x00007f5e0814b000 DEOPT PACKING pc=0x00007f5df9086d2d sp=0x00007f5de60acd40
Event: 2,720 Thread 0x00007f5e0814b000 DEOPT UNPACKING pc=0x00007f5df8e2c633 sp=0x00007f5de60acac8 mode 0
Event: 2,720 Thread 0x00007f5e0815a800 DEOPT PACKING pc=0x00007f5df9086d2d sp=0x00007f5de5da9b60
Event: 2,720 Thread 0x00007f5e0815a800 DEOPT UNPACKING pc=0x00007f5df8e2c633 sp=0x00007f5de5da98e8 mode 0
Event: 2,721 Thread 0x00007f5e0814b000 DEOPT PACKING pc=0x00007f5df9086d2d sp=0x00007f5de60acd40
Event: 2,721 Thread 0x00007f5e0814b000 DEOPT UNPACKING pc=0x00007f5df8e2c633 sp=0x00007f5de60acac8 mode 0


Dynamic libraries:
00400000-00401000 r-xp 00000000 08:06 4325653                            /usr/lib/jvm/java-8-oracle/bin/java
00600000-00601000 rw-p 00000000 08:06 4325653                            /usr/lib/jvm/java-8-oracle/bin/java
0250c000-0252d000 rw-p 00000000 00:00 0                                  [heap]
c0000000-c5400000 rw-p 00000000 00:00 0 
c5400000-eab00000 ---p 00000000 00:00 0 
eab00000-f3500000 rw-p 00000000 00:00 0 
f3500000-100000000 ---p 00000000 00:00 0 
100000000-1000c0000 rw-p 00000000 00:00 0 
1000c0000-140000000 ---p 00000000 00:00 0 
7f5d88000000-7f5d88029000 rw-p 00000000 00:00 0 
7f5d88029000-7f5d8c000000 ---p 00000000 00:00 0 
7f5d90000000-7f5d90021000 rw-p 00000000 00:00 0 
7f5d90021000-7f5d94000000 ---p 00000000 00:00 0 
7f5d98000000-7f5d98040000 rw-p 00000000 00:00 0 
7f5d98040000-7f5d9c000000 ---p 00000000 00:00 0 
7f5d9c000000-7f5d9c031000 rw-p 00000000 00:00 0 
7f5d9c031000-7f5da0000000 ---p 00000000 00:00 0 
7f5da0000000-7f5da0021000 rw-p 00000000 00:00 0 
7f5da0021000-7f5da4000000 ---p 00000000 00:00 0 
7f5da4000000-7f5da4021000 rw-p 00000000 00:00 0 
7f5da4021000-7f5da8000000 ---p 00000000 00:00 0 
7f5da8000000-7f5da913b000 rw-p 00000000 00:00 0 
7f5da913b000-7f5dac000000 ---p 00000000 00:00 0 
7f5dac000000-7f5dacd2a000 rw-p 00000000 00:00 0 
7f5dacd2a000-7f5db0000000 ---p 00000000 00:00 0 
7f5db0000000-7f5db0f27000 rw-p 00000000 00:00 0 
7f5db0f27000-7f5db4000000 ---p 00000000 00:00 0 
7f5db4000000-7f5db4dab000 rw-p 00000000 00:00 0 
7f5db4dab000-7f5db8000000 ---p 00000000 00:00 0 
7f5db8000000-7f5db8021000 rw-p 00000000 00:00 0 
7f5db8021000-7f5dbc000000 ---p 00000000 00:00 0 
7f5dbc000000-7f5dbc021000 rw-p 00000000 00:00 0 
7f5dbc021000-7f5dc0000000 ---p 00000000 00:00 0 
7f5dc0000000-7f5dc0021000 rw-p 00000000 00:00 0 
7f5dc0021000-7f5dc4000000 ---p 00000000 00:00 0 
7f5dc4000000-7f5dc4021000 rw-p 00000000 00:00 0 
7f5dc4021000-7f5dc8000000 ---p 00000000 00:00 0 
7f5dc8000000-7f5dc8021000 rw-p 00000000 00:00 0 
7f5dc8021000-7f5dcc000000 ---p 00000000 00:00 0 
7f5dcc000000-7f5dcc021000 rw-p 00000000 00:00 0 
7f5dcc021000-7f5dd0000000 ---p 00000000 00:00 0 
7f5dd0000000-7f5dd0021000 rw-p 00000000 00:00 0 
7f5dd0021000-7f5dd4000000 ---p 00000000 00:00 0 
7f5dd8000000-7f5dd8021000 rw-p 00000000 00:00 0 
7f5dd8021000-7f5ddc000000 ---p 00000000 00:00 0 
7f5ddc000000-7f5ddc021000 rw-p 00000000 00:00 0 
7f5ddc021000-7f5de0000000 ---p 00000000 00:00 0 
7f5de0000000-7f5de0021000 rw-p 00000000 00:00 0 
7f5de0021000-7f5de4000000 ---p 00000000 00:00 0 
7f5de5973000-7f5de5baa000 rw-p 00000000 00:00 0 
7f5de5baa000-7f5de5bad000 ---p 00000000 00:00 0 
7f5de5bad000-7f5de5cab000 rw-p 00000000 00:00 0 
7f5de5cab000-7f5de5cae000 ---p 00000000 00:00 0 
7f5de5cae000-7f5de5dac000 rw-p 00000000 00:00 0 
7f5de5dac000-7f5de5daf000 ---p 00000000 00:00 0 
7f5de5daf000-7f5de5ead000 rw-p 00000000 00:00 0 
7f5de5ead000-7f5de5eb0000 ---p 00000000 00:00 0 
7f5de5eb0000-7f5de5fae000 rw-p 00000000 00:00 0 
7f5de5fae000-7f5de5fb1000 ---p 00000000 00:00 0 
7f5de5fb1000-7f5de60af000 rw-p 00000000 00:00 0 
7f5de60af000-7f5de60b0000 ---p 00000000 00:00 0 
7f5de60b0000-7f5de61b0000 rw-p 00000000 00:00 0 
7f5de61b0000-7f5de61b3000 ---p 00000000 00:00 0 
7f5de61b3000-7f5de62b1000 rw-p 00000000 00:00 0 
7f5de62b1000-7f5de62b4000 ---p 00000000 00:00 0 
7f5de62b4000-7f5de63b2000 rw-p 00000000 00:00 0 
7f5de63b2000-7f5de63b5000 ---p 00000000 00:00 0 
7f5de63b5000-7f5de64b3000 rw-p 00000000 00:00 0 
7f5de64b3000-7f5de64b6000 ---p 00000000 00:00 0 
7f5de64b6000-7f5de65b4000 rw-p 00000000 00:00 0 
7f5de65b4000-7f5de65b7000 ---p 00000000 00:00 0 
7f5de65b7000-7f5de66b5000 rw-p 00000000 00:00 0 
7f5de66b5000-7f5de66b8000 ---p 00000000 00:00 0 
7f5de66b8000-7f5de67b6000 rw-p 00000000 00:00 0 
7f5de67b6000-7f5de72f3000 r--p 00000000 08:06 9444271                    /usr/lib/locale/locale-archive
7f5de72f3000-7f5de72f6000 ---p 00000000 00:00 0 
7f5de72f6000-7f5de73f4000 rw-p 00000000 00:00 0 
7f5de73f4000-7f5de73f7000 ---p 00000000 00:00 0 
7f5de73f7000-7f5de74f5000 rw-p 00000000 00:00 0 
7f5de74f5000-7f5de74f6000 ---p 00000000 00:00 0 
7f5de74f6000-7f5de8000000 rw-p 00000000 00:00 0 
7f5de8000000-7f5de8021000 rw-p 00000000 00:00 0 
7f5de8021000-7f5dec000000 ---p 00000000 00:00 0 
7f5dec000000-7f5dec021000 rw-p 00000000 00:00 0 
7f5dec021000-7f5df0000000 ---p 00000000 00:00 0 
7f5df0000000-7f5df0021000 rw-p 00000000 00:00 0 
7f5df0021000-7f5df4000000 ---p 00000000 00:00 0 
7f5df4069000-7f5df4072000 r--s 0008b000 08:06 3539498                    /home/samhv/workspace/r4r_android/app/build/intermediates/exploded-aar/com.android.support/appcompat-v7/23.2.1/jars/classes.jar
7f5df4072000-7f5df5277000 rw-p 00000000 00:00 0 
7f5df5277000-7f5df5450000 r--s 03d24000 08:06 4330441                    /usr/lib/jvm/java-8-oracle/jre/lib/rt.jar
7f5df5450000-7f5df5b46000 rw-p 00000000 00:00 0 
7f5df5b46000-7f5df5cc6000 ---p 00000000 00:00 0 
7f5df5cc6000-7f5df7ec6000 rw-p 00000000 00:00 0 
7f5df7ec6000-7f5df7ec7000 ---p 00000000 00:00 0 
7f5df7ec7000-7f5df7fc7000 rw-p 00000000 00:00 0 
7f5df7fc7000-7f5df7fc8000 ---p 00000000 00:00 0 
7f5df7fc8000-7f5df80c8000 rw-p 00000000 00:00 0 
7f5df80c8000-7f5df80c9000 ---p 00000000 00:00 0 
7f5df80c9000-7f5df81c9000 rw-p 00000000 00:00 0 
7f5df81c9000-7f5df81ca000 ---p 00000000 00:00 0 
7f5df81ca000-7f5df82ca000 rw-p 00000000 00:00 0 
7f5df82ca000-7f5df82cb000 ---p 00000000 00:00 0 
7f5df82cb000-7f5df83cb000 rw-p 00000000 00:00 0 
7f5df83cb000-7f5df83cc000 ---p 00000000 00:00 0 
7f5df83cc000-7f5df84cc000 rw-p 00000000 00:00 0 
7f5df84cc000-7f5df84cd000 ---p 00000000 00:00 0 
7f5df84cd000-7f5df85cd000 rw-p 00000000 00:00 0 
7f5df85cd000-7f5df85ce000 ---p 00000000 00:00 0 
7f5df85ce000-7f5df86f8000 rw-p 00000000 00:00 0 
7f5df86f8000-7f5df8824000 ---p 00000000 00:00 0 
7f5df8824000-7f5df884e000 rw-p 00000000 00:00 0 
7f5df884e000-7f5df8979000 ---p 00000000 00:00 0 
7f5df8979000-7f5df89bf000 rw-p 00000000 00:00 0 
7f5df89bf000-7f5df8a24000 ---p 00000000 00:00 0 
7f5df8a24000-7f5df8a3d000 rw-p 00000000 00:00 0 
7f5df8a3d000-7f5df8de5000 ---p 00000000 00:00 0 
7f5df8de5000-7f5df93b5000 rwxp 00000000 00:00 0 
7f5df93b5000-7f5e07de5000 ---p 00000000 00:00 0 
7f5e07de5000-7f5e07dff000 r-xp 00000000 08:06 4330643                    /usr/lib/jvm/java-8-oracle/jre/lib/amd64/libzip.so
7f5e07dff000-7f5e07fff000 ---p 0001a000 08:06 4330643                    /usr/lib/jvm/java-8-oracle/jre/lib/amd64/libzip.so
7f5e07fff000-7f5e08000000 rw-p 0001a000 08:06 4330643                    /usr/lib/jvm/java-8-oracle/jre/lib/amd64/libzip.so
7f5e08000000-7f5e083a4000 rw-p 00000000 00:00 0 
7f5e083a4000-7f5e0c000000 ---p 00000000 00:00 0 
7f5e0c008000-7f5e0c04a000 rw-p 00000000 00:00 0 
7f5e0c04a000-7f5e0c055000 r-xp 00000000 08:06 9179718                    /lib/x86_64-linux-gnu/libnss_files-2.23.so
7f5e0c055000-7f5e0c254000 ---p 0000b000 08:06 9179718                    /lib/x86_64-linux-gnu/libnss_files-2.23.so
7f5e0c254000-7f5e0c255000 r--p 0000a000 08:06 9179718                    /lib/x86_64-linux-gnu/libnss_files-2.23.so
7f5e0c255000-7f5e0c256000 rw-p 0000b000 08:06 9179718                    /lib/x86_64-linux-gnu/libnss_files-2.23.so
7f5e0c256000-7f5e0c25c000 rw-p 00000000 00:00 0 
7f5e0c25c000-7f5e0c267000 r-xp 00000000 08:06 9179728                    /lib/x86_64-linux-gnu/libnss_nis-2.23.so
7f5e0c267000-7f5e0c466000 ---p 0000b000 08:06 9179728                    /lib/x86_64-linux-gnu/libnss_nis-2.23.so
7f5e0c466000-7f5e0c467000 r--p 0000a000 08:06 9179728                    /lib/x86_64-linux-gnu/libnss_nis-2.23.so
7f5e0c467000-7f5e0c468000 rw-p 0000b000 08:06 9179728                    /lib/x86_64-linux-gnu/libnss_nis-2.23.so
7f5e0c468000-7f5e0c47e000 r-xp 00000000 08:06 9179712                    /lib/x86_64-linux-gnu/libnsl-2.23.so
7f5e0c47e000-7f5e0c67d000 ---p 00016000 08:06 9179712                    /lib/x86_64-linux-gnu/libnsl-2.23.so
7f5e0c67d000-7f5e0c67e000 r--p 00015000 08:06 9179712                    /lib/x86_64-linux-gnu/libnsl-2.23.so
7f5e0c67e000-7f5e0c67f000 rw-p 00016000 08:06 9179712                    /lib/x86_64-linux-gnu/libnsl-2.23.so
7f5e0c67f000-7f5e0c681000 rw-p 00000000 00:00 0 
7f5e0c681000-7f5e0c689000 r-xp 00000000 08:06 9179714                    /lib/x86_64-linux-gnu/libnss_compat-2.23.so
7f5e0c689000-7f5e0c888000 ---p 00008000 08:06 9179714                    /lib/x86_64-linux-gnu/libnss_compat-2.23.so
7f5e0c888000-7f5e0c889000 r--p 00007000 08:06 9179714                    /lib/x86_64-linux-gnu/libnss_compat-2.23.so
7f5e0c889000-7f5e0c88a000 rw-p 00008000 08:06 9179714                    /lib/x86_64-linux-gnu/libnss_compat-2.23.so
7f5e0c88a000-7f5e0c8b4000 r-xp 00000000 08:06 4330638                    /usr/lib/jvm/java-8-oracle/jre/lib/amd64/libjava.so
7f5e0c8b4000-7f5e0cab4000 ---p 0002a000 08:06 4330638                    /usr/lib/jvm/java-8-oracle/jre/lib/amd64/libjava.so
7f5e0cab4000-7f5e0cab6000 rw-p 0002a000 08:06 4330638                    /usr/lib/jvm/java-8-oracle/jre/lib/amd64/libjava.so
7f5e0cab6000-7f5e0cac3000 r-xp 00000000 08:06 4330642                    /usr/lib/jvm/java-8-oracle/jre/lib/amd64/libverify.so
7f5e0cac3000-7f5e0ccc3000 ---p 0000d000 08:06 4330642                    /usr/lib/jvm/java-8-oracle/jre/lib/amd64/libverify.so
7f5e0ccc3000-7f5e0ccc5000 rw-p 0000d000 08:06 4330642                    /usr/lib/jvm/java-8-oracle/jre/lib/amd64/libverify.so
7f5e0ccc5000-7f5e0cccc000 r-xp 00000000 08:06 9179773                    /lib/x86_64-linux-gnu/librt-2.23.so
7f5e0cccc000-7f5e0cecb000 ---p 00007000 08:06 9179773                    /lib/x86_64-linux-gnu/librt-2.23.so
7f5e0cecb000-7f5e0cecc000 r--p 00006000 08:06 9179773                    /lib/x86_64-linux-gnu/librt-2.23.so
7f5e0cecc000-7f5e0cecd000 rw-p 00007000 08:06 9179773                    /lib/x86_64-linux-gnu/librt-2.23.so
7f5e0cecd000-7f5e0cfd5000 r-xp 00000000 08:06 9179689                    /lib/x86_64-linux-gnu/libm-2.23.so
7f5e0cfd5000-7f5e0d1d4000 ---p 00108000 08:06 9179689                    /lib/x86_64-linux-gnu/libm-2.23.so
7f5e0d1d4000-7f5e0d1d5000 r--p 00107000 08:06 9179689                    /lib/x86_64-linux-gnu/libm-2.23.so
7f5e0d1d5000-7f5e0d1d6000 rw-p 00108000 08:06 9179689                    /lib/x86_64-linux-gnu/libm-2.23.so
7f5e0d1d6000-7f5e0de99000 r-xp 00000000 08:06 4330621                    /usr/lib/jvm/java-8-oracle/jre/lib/amd64/server/libjvm.so
7f5e0de99000-7f5e0e098000 ---p 00cc3000 08:06 4330621                    /usr/lib/jvm/java-8-oracle/jre/lib/amd64/server/libjvm.so
7f5e0e098000-7f5e0e171000 rw-p 00cc2000 08:06 4330621                    /usr/lib/jvm/java-8-oracle/jre/lib/amd64/server/libjvm.so
7f5e0e171000-7f5e0e1bc000 rw-p 00000000 00:00 0 
7f5e0e1bc000-7f5e0e37c000 r-xp 00000000 08:06 9179619                    /lib/x86_64-linux-gnu/libc-2.23.so
7f5e0e37c000-7f5e0e57b000 ---p 001c0000 08:06 9179619                    /lib/x86_64-linux-gnu/libc-2.23.so
7f5e0e57b000-7f5e0e57f000 r--p 001bf000 08:06 9179619                    /lib/x86_64-linux-gnu/libc-2.23.so
7f5e0e57f000-7f5e0e581000 rw-p 001c3000 08:06 9179619                    /lib/x86_64-linux-gnu/libc-2.23.so
7f5e0e581000-7f5e0e585000 rw-p 00000000 00:00 0 
7f5e0e585000-7f5e0e588000 r-xp 00000000 08:06 9179643                    /lib/x86_64-linux-gnu/libdl-2.23.so
7f5e0e588000-7f5e0e787000 ---p 00003000 08:06 9179643                    /lib/x86_64-linux-gnu/libdl-2.23.so
7f5e0e787000-7f5e0e788000 r--p 00002000 08:06 9179643                    /lib/x86_64-linux-gnu/libdl-2.23.so
7f5e0e788000-7f5e0e789000 rw-p 00003000 08:06 9179643                    /lib/x86_64-linux-gnu/libdl-2.23.so
7f5e0e789000-7f5e0e79e000 r-xp 00000000 08:06 4330256                    /usr/lib/jvm/java-8-oracle/lib/amd64/jli/libjli.so
7f5e0e79e000-7f5e0e99e000 ---p 00015000 08:06 4330256                    /usr/lib/jvm/java-8-oracle/lib/amd64/jli/libjli.so
7f5e0e99e000-7f5e0e99f000 rw-p 00015000 08:06 4330256                    /usr/lib/jvm/java-8-oracle/lib/amd64/jli/libjli.so
7f5e0e99f000-7f5e0e9b7000 r-xp 00000000 08:06 9179765                    /lib/x86_64-linux-gnu/libpthread-2.23.so
7f5e0e9b7000-7f5e0ebb6000 ---p 00018000 08:06 9179765                    /lib/x86_64-linux-gnu/libpthread-2.23.so
7f5e0ebb6000-7f5e0ebb7000 r--p 00017000 08:06 9179765                    /lib/x86_64-linux-gnu/libpthread-2.23.so
7f5e0ebb7000-7f5e0ebb8000 rw-p 00018000 08:06 9179765                    /lib/x86_64-linux-gnu/libpthread-2.23.so
7f5e0ebb8000-7f5e0ebbc000 rw-p 00000000 00:00 0 
7f5e0ebbc000-7f5e0ebe2000 r-xp 00000000 08:06 9179591                    /lib/x86_64-linux-gnu/ld-2.23.so
7f5e0ebe4000-7f5e0ecbd000 rw-p 00000000 00:00 0 
7f5e0ecbd000-7f5e0ecc0000 ---p 00000000 00:00 0 
7f5e0ecc0000-7f5e0edc2000 rw-p 00000000 00:00 0 
7f5e0edc6000-7f5e0edd5000 r--s 000df000 08:06 4459632                    /home/samhv/Android/Sdk/build-tools/23.0.2/lib/dx.jar
7f5e0edd5000-7f5e0eddd000 rw-s 00000000 08:06 5378989                    /tmp/hsperfdata_samhv/10995
7f5e0eddd000-7f5e0edde000 rw-p 00000000 00:00 0 
7f5e0edde000-7f5e0eddf000 r--p 00000000 00:00 0 
7f5e0eddf000-7f5e0ede1000 rw-p 00000000 00:00 0 
7f5e0ede1000-7f5e0ede2000 r--p 00025000 08:06 9179591                    /lib/x86_64-linux-gnu/ld-2.23.so
7f5e0ede2000-7f5e0ede3000 rw-p 00026000 08:06 9179591                    /lib/x86_64-linux-gnu/ld-2.23.so
7f5e0ede3000-7f5e0ede4000 rw-p 00000000 00:00 0 
7ffef8062000-7ffef8083000 rw-p 00000000 00:00 0                          [stack]
7ffef818a000-7ffef818c000 r--p 00000000 00:00 0                          [vvar]
7ffef818c000-7ffef818e000 r-xp 00000000 00:00 0                          [vdso]
ffffffffff600000-ffffffffff601000 r-xp 00000000 00:00 0                  [vsyscall]

VM Arguments:
jvm_args: -Djava.awt.headless=true -Xmx1024M -Dfile.encoding=UTF-8 -Duser.country=US -Duser.language=en -Duser.variant 
java_command: com.android.dx.command.Main --dex --force-jumbo --num-threads=4 --multi-dex --output /home/samhv/workspace/r4r_android/app/build/intermediates/transforms/dex/debug/folders/1000/10/com.android.support-appcompat-v7-23.2.1_9abc67dc647307142174525b215f5b2459a4f84d /home/samhv/workspace/r4r_android/app/build/intermediates/exploded-aar/com.android.support/appcompat-v7/23.2.1/jars/classes.jar
java_class_path (initial): /home/samhv/Android/Sdk/build-tools/23.0.2/lib/dx.jar
Launcher Type: SUN_STANDARD

Environment Variables:
PATH=/usr/local/sbin:/usr/local/bin:/usr/sbin:/usr/bin:/sbin:/bin:/usr/games:/usr/local/games:/snap/bin
SHELL=/usr/bin/fish
DISPLAY=:0

Signal Handlers:
SIGSEGV: [libjvm.so+0xabdee0], sa_mask[0]=11111111011111111101111111111110, sa_flags=SA_RESTART|SA_SIGINFO
SIGBUS: [libjvm.so+0xabdee0], sa_mask[0]=11111111011111111101111111111110, sa_flags=SA_RESTART|SA_SIGINFO
SIGFPE: [libjvm.so+0x91a580], sa_mask[0]=11111111011111111101111111111110, sa_flags=SA_RESTART|SA_SIGINFO
SIGPIPE: [libjvm.so+0x91a580], sa_mask[0]=11111111011111111101111111111110, sa_flags=SA_RESTART|SA_SIGINFO
SIGXFSZ: [libjvm.so+0x91a580], sa_mask[0]=11111111011111111101111111111110, sa_flags=SA_RESTART|SA_SIGINFO
SIGILL: [libjvm.so+0x91a580], sa_mask[0]=11111111011111111101111111111110, sa_flags=SA_RESTART|SA_SIGINFO
SIGUSR1: SIG_DFL, sa_mask[0]=00000000000000000000000000000000, sa_flags=none
SIGUSR2: [libjvm.so+0x91bbb0], sa_mask[0]=00100000000000000000000000000000, sa_flags=SA_RESTART|SA_SIGINFO
SIGHUP: [libjvm.so+0x91cfb0], sa_mask[0]=11111111011111111101111111111110, sa_flags=SA_RESTART|SA_SIGINFO
SIGINT: [libjvm.so+0x91cfb0], sa_mask[0]=11111111011111111101111111111110, sa_flags=SA_RESTART|SA_SIGINFO
SIGTERM: [libjvm.so+0x91cfb0], sa_mask[0]=11111111011111111101111111111110, sa_flags=SA_RESTART|SA_SIGINFO
SIGQUIT: [libjvm.so+0x91cfb0], sa_mask[0]=11111111011111111101111111111110, sa_flags=SA_RESTART|SA_SIGINFO


---------------  S Y S T E M  ---------------

OS:DISTRIB_ID=Ubuntu
DISTRIB_RELEASE=16.04
DISTRIB_CODENAME=xenial
DISTRIB_DESCRIPTION="Ubuntu 16.04 LTS"

uname:Linux 4.4.0-22-generic #40-Ubuntu SMP Thu May 12 22:03:46 UTC 2016 x86_64
libc:glibc 2.23 NPTL 2.23 
rlimit: STACK 8192k, CORE 0k, NPROC 30692, NOFILE 65536, AS infinity
load average:2,54 3,02 2,81

/proc/meminfo:
MemTotal:        8134336 kB
MemFree:           48516 kB
MemAvailable:     391060 kB
Buffers:           17264 kB
Cached:           452976 kB
SwapCached:        24312 kB
Active:          6244644 kB
Inactive:        1395052 kB
Active(anon):    6080772 kB
Inactive(anon):  1234100 kB
Active(file):     163872 kB
Inactive(file):   160952 kB
Unevictable:         116 kB
Mlocked:             116 kB
SwapTotal:       3965948 kB
SwapFree:        3585580 kB
Dirty:              7336 kB
Writeback:             0 kB
AnonPages:       7145456 kB
Mapped:           423696 kB
Shmem:            144736 kB
Slab:             120452 kB
SReclaimable:      60188 kB
SUnreclaim:        60264 kB
KernelStack:       17232 kB
PageTables:        66344 kB
NFS_Unstable:          0 kB
Bounce:                0 kB
WritebackTmp:          0 kB
CommitLimit:     8033116 kB
Committed_AS:   14747564 kB
VmallocTotal:   34359738367 kB
VmallocUsed:           0 kB
VmallocChunk:          0 kB
HardwareCorrupted:     0 kB
AnonHugePages:   3536896 kB
CmaTotal:              0 kB
CmaFree:               0 kB
HugePages_Total:       0
HugePages_Free:        0
HugePages_Rsvd:        0
HugePages_Surp:        0
Hugepagesize:       2048 kB
DirectMap4k:      453180 kB
DirectMap2M:     7895040 kB


CPU:total 8 (4 cores per cpu, 2 threads per core) family 6 model 58 stepping 9, cmov, cx8, fxsr, mmx, sse, sse2, sse3, ssse3, sse4.1, sse4.2, popcnt, avx, aes, clmul, erms, ht, tsc, tscinvbit, tscinv

/proc/cpuinfo:
processor	: 0
vendor_id	: GenuineIntel
cpu family	: 6
model		: 58
model name	: Intel(R) Core(TM) i7-3770K CPU @ 3.50GHz
stepping	: 9
microcode	: 0x1c
cpu MHz		: 4436.113
cache size	: 8192 KB
physical id	: 0
siblings	: 8
core id		: 0
cpu cores	: 4
apicid		: 0
initial apicid	: 0
fpu		: yes
fpu_exception	: yes
cpuid level	: 13
wp		: yes
flags		: fpu vme de pse tsc msr pae mce cx8 apic sep mtrr pge mca cmov pat pse36 clflush dts acpi mmx fxsr sse sse2 ss ht tm pbe syscall nx rdtscp lm constant_tsc arch_perfmon pebs bts rep_good nopl xtopology nonstop_tsc aperfmperf eagerfpu pni pclmulqdq dtes64 monitor ds_cpl vmx est tm2 ssse3 cx16 xtpr pdcm pcid sse4_1 sse4_2 popcnt tsc_deadline_timer aes xsave avx f16c rdrand lahf_lm epb tpr_shadow vnmi flexpriority ept vpid fsgsbase smep erms xsaveopt dtherm ida arat pln pts
bugs		:
bogomips	: 7006.17
clflush size	: 64
cache_alignment	: 64
address sizes	: 36 bits physical, 48 bits virtual
power management:

processor	: 1
vendor_id	: GenuineIntel
cpu family	: 6
model		: 58
model name	: Intel(R) Core(TM) i7-3770K CPU @ 3.50GHz
stepping	: 9
microcode	: 0x1c
cpu MHz		: 4436.113
cache size	: 8192 KB
physical id	: 0
siblings	: 8
core id		: 1
cpu cores	: 4
apicid		: 2
initial apicid	: 2
fpu		: yes
fpu_exception	: yes
cpuid level	: 13
wp		: yes
flags		: fpu vme de pse tsc msr pae mce cx8 apic sep mtrr pge mca cmov pat pse36 clflush dts acpi mmx fxsr sse sse2 ss ht tm pbe syscall nx rdtscp lm constant_tsc arch_perfmon pebs bts rep_good nopl xtopology nonstop_tsc aperfmperf eagerfpu pni pclmulqdq dtes64 monitor ds_cpl vmx est tm2 ssse3 cx16 xtpr pdcm pcid sse4_1 sse4_2 popcnt tsc_deadline_timer aes xsave avx f16c rdrand lahf_lm epb tpr_shadow vnmi flexpriority ept vpid fsgsbase smep erms xsaveopt dtherm ida arat pln pts
bugs		:
bogomips	: 7006.17
clflush size	: 64
cache_alignment	: 64
address sizes	: 36 bits physical, 48 bits virtual
power management:

processor	: 2
vendor_id	: GenuineIntel
cpu family	: 6
model		: 58
model name	: Intel(R) Core(TM) i7-3770K CPU @ 3.50GHz
stepping	: 9
microcode	: 0x1c
cpu MHz		: 4430.644
cache size	: 8192 KB
physical id	: 0
siblings	: 8
core id		: 2
cpu cores	: 4
apicid		: 4
initial apicid	: 4
fpu		: yes
fpu_exception	: yes
cpuid level	: 13
wp		: yes
flags		: fpu vme de pse tsc msr pae mce cx8 apic sep mtrr pge mca cmov pat pse36 clflush dts acpi mmx fxsr sse sse2 ss ht tm pbe syscall nx rdtscp lm constant_tsc arch_perfmon pebs bts rep_good nopl xtopology nonstop_tsc aperfmperf eagerfpu pni pclmulqdq dtes64 monitor ds_cpl vmx est tm2 ssse3 cx16 xtpr pdcm pcid sse4_1 sse4_2 popcnt tsc_deadline_timer aes xsave avx f16c rdrand lahf_lm epb tpr_shadow vnmi flexpriority ept vpid fsgsbase smep erms xsaveopt dtherm ida arat pln pts
bugs		:
bogomips	: 7006.17
clflush size	: 64
cache_alignment	: 64
address sizes	: 36 bits physical, 48 bits virtual
power management:

processor	: 3
vendor_id	: GenuineIntel
cpu family	: 6
model		: 58
model name	: Intel(R) Core(TM) i7-3770K CPU @ 3.50GHz
stepping	: 9
microcode	: 0x1c
cpu MHz		: 4461.132
cache size	: 8192 KB
physical id	: 0
siblings	: 8
core id		: 3
cpu cores	: 4
apicid		: 6
initial apicid	: 6
fpu		: yes
fpu_exception	: yes
cpuid level	: 13
wp		: yes
flags		: fpu vme de pse tsc msr pae mce cx8 apic sep mtrr pge mca cmov pat pse36 clflush dts acpi mmx fxsr sse sse2 ss ht tm pbe syscall nx rdtscp lm constant_tsc arch_perfmon pebs bts rep_good nopl xtopology nonstop_tsc aperfmperf eagerfpu pni pclmulqdq dtes64 monitor ds_cpl vmx est tm2 ssse3 cx16 xtpr pdcm pcid sse4_1 sse4_2 popcnt tsc_deadline_timer aes xsave avx f16c rdrand lahf_lm epb tpr_shadow vnmi flexpriority ept vpid fsgsbase smep erms xsaveopt dtherm ida arat pln pts
bugs		:
bogomips	: 7006.17
clflush size	: 64
cache_alignment	: 64
address sizes	: 36 bits physical, 48 bits virtual
power management:

processor	: 4
vendor_id	: GenuineIntel
cpu family	: 6
model		: 58
model name	: Intel(R) Core(TM) i7-3770K CPU @ 3.50GHz
stepping	: 9
microcode	: 0x1c
cpu MHz		: 4461.132
cache size	: 8192 KB
physical id	: 0
siblings	: 8
core id		: 0
cpu cores	: 4
apicid		: 1
initial apicid	: 1
fpu		: yes
fpu_exception	: yes
cpuid level	: 13
wp		: yes
flags		: fpu vme de pse tsc msr pae mce cx8 apic sep mtrr pge mca cmov pat pse36 clflush dts acpi mmx fxsr sse sse2 ss ht tm pbe syscall nx rdtscp lm constant_tsc arch_perfmon pebs bts rep_good nopl xtopology nonstop_tsc aperfmperf eagerfpu pni pclmulqdq dtes64 monitor ds_cpl vmx est tm2 ssse3 cx16 xtpr pdcm pcid sse4_1 sse4_2 popcnt tsc_deadline_timer aes xsave avx f16c rdrand lahf_lm epb tpr_shadow vnmi flexpriority ept vpid fsgsbase smep erms xsaveopt dtherm ida arat pln pts
bugs		:
bogomips	: 7006.17
clflush size	: 64
cache_alignment	: 64
address sizes	: 36 bits physical, 48 bits virtual
power management:

processor	: 5
vendor_id	: GenuineIntel
cpu family	: 6
model		: 58
model name	: Intel(R) Core(TM) i7-3770K CPU @ 3.50GHz
stepping	: 9
microcode	: 0x1c
cpu MHz		: 4461.132
cache size	: 8192 KB
physical id	: 0
siblings	: 8
core id		: 1
cpu cores	: 4
apicid		: 3
initial apicid	: 3
fpu		: yes
fpu_exception	: yes
cpuid level	: 13
wp		: yes
flags		: fpu vme de pse tsc msr pae mce cx8 apic sep mtrr pge mca cmov pat pse36 clflush dts acpi mmx fxsr sse sse2 ss ht tm pbe syscall nx rdtscp lm constant_tsc arch_perfmon pebs bts rep_good nopl xtopology nonstop_tsc aperfmperf eagerfpu pni pclmulqdq dtes64 monitor ds_cpl vmx est tm2 ssse3 cx16 xtpr pdcm pcid sse4_1 sse4_2 popcnt tsc_deadline_timer aes xsave avx f16c rdrand lahf_lm epb tpr_shadow vnmi flexpriority ept vpid fsgsbase smep erms xsaveopt dtherm ida arat pln pts
bugs		:
bogomips	: 7006.17
clflush size	: 64
cache_alignment	: 64
address sizes	: 36 bits physical, 48 bits virtual
power management:

processor	: 6
vendor_id	: GenuineIntel
cpu family	: 6
model		: 58
model name	: Intel(R) Core(TM) i7-3770K CPU @ 3.50GHz
stepping	: 9
microcode	: 0x1c
cpu MHz		: 4461.132
cache size	: 8192 KB
physical id	: 0
siblings	: 8
core id		: 2
cpu cores	: 4
apicid		: 5
initial apicid	: 5
fpu		: yes
fpu_exception	: yes
cpuid level	: 13
wp		: yes
flags		: fpu vme de pse tsc msr pae mce cx8 apic sep mtrr pge mca cmov pat pse36 clflush dts acpi mmx fxsr sse sse2 ss ht tm pbe syscall nx rdtscp lm constant_tsc arch_perfmon pebs bts rep_good nopl xtopology nonstop_tsc aperfmperf eagerfpu pni pclmulqdq dtes64 monitor ds_cpl vmx est tm2 ssse3 cx16 xtpr pdcm pcid sse4_1 sse4_2 popcnt tsc_deadline_timer aes xsave avx f16c rdrand lahf_lm epb tpr_shadow vnmi flexpriority ept vpid fsgsbase smep erms xsaveopt dtherm ida arat pln pts
bugs		:
bogomips	: 7006.17
clflush size	: 64
cache_alignment	: 64
address sizes	: 36 bits physical, 48 bits virtual
power management:

processor	: 7
vendor_id	: GenuineIntel
cpu family	: 6
model		: 58
model name	: Intel(R) Core(TM) i7-3770K CPU @ 3.50GHz
stepping	: 9
microcode	: 0x1c
cpu MHz		: 4430.644
cache size	: 8192 KB
physical id	: 0
siblings	: 8
core id		: 3
cpu cores	: 4
apicid		: 7
initial apicid	: 7
fpu		: yes
fpu_exception	: yes
cpuid level	: 13
wp		: yes
flags		: fpu vme de pse tsc msr pae mce cx8 apic sep mtrr pge mca cmov pat pse36 clflush dts acpi mmx fxsr sse sse2 ss ht tm pbe syscall nx rdtscp lm constant_tsc arch_perfmon pebs bts rep_good nopl xtopology nonstop_tsc aperfmperf eagerfpu pni pclmulqdq dtes64 monitor ds_cpl vmx est tm2 ssse3 cx16 xtpr pdcm pcid sse4_1 sse4_2 popcnt tsc_deadline_timer aes xsave avx f16c rdrand lahf_lm epb tpr_shadow vnmi flexpriority ept vpid fsgsbase smep erms xsaveopt dtherm ida arat pln pts
bugs		:
bogomips	: 7006.17
clflush size	: 64
cache_alignment	: 64
address sizes	: 36 bits physical, 48 bits virtual
power management:



Memory: 4k page, physical 8134336k(48516k free), swap 3965948k(3585580k free)

vm_info: Java HotSpot(TM) 64-Bit Server VM (25.92-b14) for linux-amd64 JRE (1.8.0_92-b14), built on Mar 31 2016 21:08:29 by "java_re" with gcc 4.3.0 20080428 (Red Hat 4.3.0-8)

time: Fri May 20 23:29:37 2016
elapsed time: 2 seconds (0d 0h 0m 2s)

